{"level":"info","message":"Clé PASETO chargée depuis le fichier","path":"/Volumes/Untitled/MonAppEcommerce/paseto_local_key","timestamp":"2025-05-06 08:57:20"}
{"level":"info","message":"Prisma Info Starting a postgresql pool with 21 connections.","target":"quaint::pooled","timestamp":"2025-05-06 08:57:20"}
{"level":"info","message":"Successfully connected to the database","timestamp":"2025-05-06 08:57:20"}
{"level":"info","message":"🚀 Serveur démarré sur http://localhost:4000","timestamp":"2025-05-06 08:57:20"}
{"ip":"::1","level":"info","message":"Requête entrante","method":"POST","timestamp":"2025-05-06 09:13:17","url":"/api/users/login","userAgent":"Mozilla/5.0 (Macintosh; Intel Mac OS X 10_15_7) AppleWebKit/537.36 (KHTML, like Gecko) Chrome/135.0.0.0 Safari/537.36"}
{"level":"error","message":"::1 - - [06/May/2025:08:13:18 +0000] \"POST /api/users/login HTTP/1.1\" 401 75 \"http://localhost:5173/\" \"Mozilla/5.0 (Macintosh; Intel Mac OS X 10_15_7) AppleWebKit/537.36 (KHTML, like Gecko) Chrome/135.0.0.0 Safari/537.36\"","timestamp":"2025-05-06 09:13:18"}
{"ip":"::1","level":"info","message":"Requête entrante","method":"POST","timestamp":"2025-05-06 09:13:24","url":"/api/users/login","userAgent":"Mozilla/5.0 (Macintosh; Intel Mac OS X 10_15_7) AppleWebKit/537.36 (KHTML, like Gecko) Chrome/135.0.0.0 Safari/537.36"}
{"level":"error","message":"::1 - - [06/May/2025:08:13:24 +0000] \"POST /api/users/login HTTP/1.1\" 401 75 \"http://localhost:5173/\" \"Mozilla/5.0 (Macintosh; Intel Mac OS X 10_15_7) AppleWebKit/537.36 (KHTML, like Gecko) Chrome/135.0.0.0 Safari/537.36\"","timestamp":"2025-05-06 09:13:24"}
{"ip":"::1","level":"info","message":"Requête entrante","method":"POST","timestamp":"2025-05-06 09:14:39","url":"/api/users/register","userAgent":"Mozilla/5.0 (Macintosh; Intel Mac OS X 10_15_7) AppleWebKit/537.36 (KHTML, like Gecko) Chrome/135.0.0.0 Safari/537.36"}
{"code":"456580","level":"info","message":"Code OTP généré pour EMAIL_VERIFICATION","timestamp":"2025-05-06 09:14:39","type":"EMAIL_VERIFICATION","userId":"cmac8hgr10000198dlfw1qsjf"}
{"level":"info","message":"Initialisation du processus d'envoi d'email","timestamp":"2025-05-06 09:14:39"}
{"level":"info","message":"Email envoyé avec succès","messageId":"<058dd75b-00e1-db72-d80b-b0779cb0cb1b@gmail.com>","timestamp":"2025-05-06 09:14:42","to":"ayemanagossa@gmail.com"}
{"email":"ayemanagossa@gmail.com","level":"info","message":"Code OTP envoyé pour vérification email","timestamp":"2025-05-06 09:14:42","userId":"cmac8hgr10000198dlfw1qsjf"}
{"email":"ayemanagossa@gmail.com","fullName":"AGOSSA Bernard","ip":"::1","level":"info","message":"Nouvel utilisateur inscrit","timestamp":"2025-05-06 09:14:42","userAgent":"Mozilla/5.0 (Macintosh; Intel Mac OS X 10_15_7) AppleWebKit/537.36 (KHTML, like Gecko) Chrome/135.0.0.0 Safari/537.36","userId":"cmac8hgr10000198dlfw1qsjf"}
{"ip":"::1","level":"info","message":"Requête entrante","method":"POST","timestamp":"2025-05-06 09:15:05","url":"/api/users/verify-email","userAgent":"Mozilla/5.0 (Macintosh; Intel Mac OS X 10_15_7) AppleWebKit/537.36 (KHTML, like Gecko) Chrome/135.0.0.0 Safari/537.36"}
{"email":"ayemanagossa@gmail.com","ip":"::1","level":"info","message":"Email vérifié avec succès via code OTP","timestamp":"2025-05-06 09:15:05","userId":"cmac8hgr10000198dlfw1qsjf"}
{"ip":"::1","level":"info","message":"Requête entrante","method":"POST","timestamp":"2025-05-06 09:15:08","url":"/api/users/login","userAgent":"Mozilla/5.0 (Macintosh; Intel Mac OS X 10_15_7) AppleWebKit/537.36 (KHTML, like Gecko) Chrome/135.0.0.0 Safari/537.36"}
{"ip":"::1","level":"info","message":"Connexion réussie","timestamp":"2025-05-06 09:15:08","userAgent":"Mozilla/5.0 (Macintosh; Intel Mac OS X 10_15_7) AppleWebKit/537.36 (KHTML, like Gecko) Chrome/135.0.0.0 Safari/537.36","userId":"cmac8hgr10000198dlfw1qsjf"}
{"ip":"::1","level":"info","message":"Requête entrante","method":"POST","timestamp":"2025-05-06 09:43:17","url":"/api/users/forgot-password","userAgent":"Mozilla/5.0 (Macintosh; Intel Mac OS X 10_15_7) AppleWebKit/537.36 (KHTML, like Gecko) Chrome/135.0.0.0 Safari/537.36"}
{"code":"378269","level":"info","message":"Code OTP généré pour PASSWORD_RESET","timestamp":"2025-05-06 09:43:17","type":"PASSWORD_RESET","userId":"cmac8hgr10000198dlfw1qsjf"}
{"level":"info","message":"Initialisation du processus d'envoi d'email","timestamp":"2025-05-06 09:43:17"}
{"level":"info","message":"Email envoyé avec succès","messageId":"<7751b086-b369-301d-fd77-c7fb408a05e7@gmail.com>","timestamp":"2025-05-06 09:43:21","to":"ayemanagossa@gmail.com"}
{"email":"ayemanagossa@gmail.com","ip":"::1","level":"info","message":"Demande de réinitialisation de mot de passe","timestamp":"2025-05-06 09:43:21","userId":"cmac8hgr10000198dlfw1qsjf"}
{"ip":"::1","level":"info","message":"Requête entrante","method":"POST","timestamp":"2025-05-06 09:43:44","url":"/api/users/verify-password-otp","userAgent":"Mozilla/5.0 (Macintosh; Intel Mac OS X 10_15_7) AppleWebKit/537.36 (KHTML, like Gecko) Chrome/135.0.0.0 Safari/537.36"}
{"email":"ayemanagossa@gmail.com","ip":"::1","level":"info","message":"Code OTP vérifié avec succès pour réinitialisation de mot de passe","timestamp":"2025-05-06 09:43:44","userId":"cmac8hgr10000198dlfw1qsjf"}
{"ip":"::1","level":"info","message":"Requête entrante","method":"POST","timestamp":"2025-05-06 10:05:28","url":"/api/users/forgot-password","userAgent":"Mozilla/5.0 (Macintosh; Intel Mac OS X 10_15_7) AppleWebKit/537.36 (KHTML, like Gecko) Chrome/135.0.0.0 Safari/537.36"}
{"code":"588572","level":"info","message":"Code OTP généré pour PASSWORD_RESET","timestamp":"2025-05-06 10:05:28","type":"PASSWORD_RESET","userId":"cmac8hgr10000198dlfw1qsjf"}
{"level":"info","message":"Initialisation du processus d'envoi d'email","timestamp":"2025-05-06 10:05:28"}
{"level":"info","message":"Email envoyé avec succès","messageId":"<4bfec379-d50d-7ac4-1116-a93edcd54022@gmail.com>","timestamp":"2025-05-06 10:05:31","to":"ayemanagossa@gmail.com"}
{"email":"ayemanagossa@gmail.com","ip":"::1","level":"info","message":"Demande de réinitialisation de mot de passe","timestamp":"2025-05-06 10:05:31","userId":"cmac8hgr10000198dlfw1qsjf"}
{"ip":"::1","level":"info","message":"Requête entrante","method":"POST","timestamp":"2025-05-06 10:06:02","url":"/api/users/verify-password-otp","userAgent":"Mozilla/5.0 (Macintosh; Intel Mac OS X 10_15_7) AppleWebKit/537.36 (KHTML, like Gecko) Chrome/135.0.0.0 Safari/537.36"}
{"email":"ayemanagossa@gmail.com","ip":"::1","level":"info","message":"Code OTP vérifié avec succès pour réinitialisation de mot de passe","timestamp":"2025-05-06 10:06:02","userId":"cmac8hgr10000198dlfw1qsjf"}
{"ip":"::1","level":"info","message":"Requête entrante","method":"POST","timestamp":"2025-05-06 10:53:16","url":"/api/users/reset-password","userAgent":"Mozilla/5.0 (Macintosh; Intel Mac OS X 10_15_7) AppleWebKit/537.36 (KHTML, like Gecko) Chrome/135.0.0.0 Safari/537.36"}
{"error":[{"context":{"key":"token","label":"token"},"message":"Le token est requis","path":["token"],"type":"any.required"}],"ip":"::1","level":"warn","message":"Tentative de réinitialisation avec des données invalides","timestamp":"2025-05-06 10:53:16"}
{"level":"error","message":"::1 - - [06/May/2025:09:53:16 +0000] \"POST /api/users/reset-password HTTP/1.1\" 400 81 \"http://localhost:5173/\" \"Mozilla/5.0 (Macintosh; Intel Mac OS X 10_15_7) AppleWebKit/537.36 (KHTML, like Gecko) Chrome/135.0.0.0 Safari/537.36\"","timestamp":"2025-05-06 10:53:16"}
{"ip":"::1","level":"info","message":"Requête entrante","method":"POST","timestamp":"2025-05-06 10:54:39","url":"/api/users/forgot-password","userAgent":"Mozilla/5.0 (iPad; CPU OS 16_6 like Mac OS X) AppleWebKit/605.1.15 (KHTML, like Gecko) Version/16.6 Mobile/15E148 Safari/604.1"}
{"code":"211968","level":"info","message":"Code OTP généré pour PASSWORD_RESET","timestamp":"2025-05-06 10:54:39","type":"PASSWORD_RESET","userId":"cmac8hgr10000198dlfw1qsjf"}
{"level":"info","message":"Initialisation du processus d'envoi d'email","timestamp":"2025-05-06 10:54:39"}
{"level":"info","message":"Email envoyé avec succès","messageId":"<c4c6de36-a851-b4bd-e26c-2e92bde5b445@gmail.com>","timestamp":"2025-05-06 10:54:42","to":"ayemanagossa@gmail.com"}
{"email":"ayemanagossa@gmail.com","ip":"::1","level":"info","message":"Demande de réinitialisation de mot de passe","timestamp":"2025-05-06 10:54:42","userId":"cmac8hgr10000198dlfw1qsjf"}
{"ip":"::1","level":"info","message":"Requête entrante","method":"POST","timestamp":"2025-05-06 10:55:03","url":"/api/users/verify-password-otp","userAgent":"Mozilla/5.0 (iPad; CPU OS 16_6 like Mac OS X) AppleWebKit/605.1.15 (KHTML, like Gecko) Version/16.6 Mobile/15E148 Safari/604.1"}
{"email":"ayemanagossa@gmail.com","ip":"::1","level":"info","message":"Code OTP vérifié avec succès pour réinitialisation de mot de passe","timestamp":"2025-05-06 10:55:03","userId":"cmac8hgr10000198dlfw1qsjf"}
{"ip":"::1","level":"info","message":"Requête entrante","method":"POST","timestamp":"2025-05-06 10:55:14","url":"/api/users/reset-password","userAgent":"Mozilla/5.0 (iPad; CPU OS 16_6 like Mac OS X) AppleWebKit/605.1.15 (KHTML, like Gecko) Version/16.6 Mobile/15E148 Safari/604.1"}
{"error":[{"context":{"key":"token","label":"token"},"message":"Le token est requis","path":["token"],"type":"any.required"}],"ip":"::1","level":"warn","message":"Tentative de réinitialisation avec des données invalides","timestamp":"2025-05-06 10:55:14"}
{"level":"error","message":"::1 - - [06/May/2025:09:55:14 +0000] \"POST /api/users/reset-password HTTP/1.1\" 400 81 \"http://localhost:5173/\" \"Mozilla/5.0 (iPad; CPU OS 16_6 like Mac OS X) AppleWebKit/605.1.15 (KHTML, like Gecko) Version/16.6 Mobile/15E148 Safari/604.1\"","timestamp":"2025-05-06 10:55:14"}
{"ip":"::1","level":"info","message":"Requête entrante","method":"POST","timestamp":"2025-05-06 10:57:33","url":"/api/users/reset-password","userAgent":"Mozilla/5.0 (iPad; CPU OS 16_6 like Mac OS X) AppleWebKit/605.1.15 (KHTML, like Gecko) Version/16.6 Mobile/15E148 Safari/604.1"}
{"error":[{"context":{"key":"token","label":"token"},"message":"Le token est requis","path":["token"],"type":"any.required"}],"ip":"::1","level":"warn","message":"Tentative de réinitialisation avec des données invalides","timestamp":"2025-05-06 10:57:33"}
{"level":"error","message":"::1 - - [06/May/2025:09:57:33 +0000] \"POST /api/users/reset-password HTTP/1.1\" 400 81 \"http://localhost:5173/\" \"Mozilla/5.0 (iPad; CPU OS 16_6 like Mac OS X) AppleWebKit/605.1.15 (KHTML, like Gecko) Version/16.6 Mobile/15E148 Safari/604.1\"","timestamp":"2025-05-06 10:57:33"}
{"ip":"::1","level":"info","message":"Requête entrante","method":"POST","timestamp":"2025-05-06 11:01:00","url":"/api/users/reset-password","userAgent":"Mozilla/5.0 (iPad; CPU OS 16_6 like Mac OS X) AppleWebKit/605.1.15 (KHTML, like Gecko) Version/16.6 Mobile/15E148 Safari/604.1"}
{"error":"token is not a v3.local PASETO","level":"error","message":"Erreur lors de la vérification du token PASETO","stack":"PasetoInvalid: token is not a v3.local PASETO\n    at pre (/Volumes/Untitled/MonAppEcommerce/back-end/node_modules/paseto/lib/help/consume.js:14:11)\n    at Object.v3Decrypt [as decrypt] (/Volumes/Untitled/MonAppEcommerce/back-end/node_modules/paseto/lib/v3/decrypt.js:13:22)\n    at verifyToken (file:///Volumes/Untitled/MonAppEcommerce/back-end/src/utils/paseto.js:244:30)\n    at resetPassword (file:///Volumes/Untitled/MonAppEcommerce/back-end/src/controllers/auth/passwordController.js:168:19)\n    at Layer.handle [as handle_request] (/Volumes/Untitled/MonAppEcommerce/back-end/node_modules/express/lib/router/layer.js:95:5)\n    at next (/Volumes/Untitled/MonAppEcommerce/back-end/node_modules/express/lib/router/route.js:149:13)\n    at Route.dispatch (/Volumes/Untitled/MonAppEcommerce/back-end/node_modules/express/lib/router/route.js:119:3)\n    at Layer.handle [as handle_request] (/Volumes/Untitled/MonAppEcommerce/back-end/node_modules/express/lib/router/layer.js:95:5)\n    at /Volumes/Untitled/MonAppEcommerce/back-end/node_modules/express/lib/router/index.js:284:15\n    at Function.process_params (/Volumes/Untitled/MonAppEcommerce/back-end/node_modules/express/lib/router/index.js:346:12)","timestamp":"2025-05-06 11:01:00"}
{"error":"Token PASETO invalide ou expiré","ip":"::1","level":"warn","message":"Tentative de réinitialisation avec un token invalide","timestamp":"2025-05-06 11:01:00"}
{"level":"error","message":"::1 - - [06/May/2025:10:01:00 +0000] \"POST /api/users/reset-password HTTP/1.1\" 401 108 \"http://localhost:5173/\" \"Mozilla/5.0 (iPad; CPU OS 16_6 like Mac OS X) AppleWebKit/605.1.15 (KHTML, like Gecko) Version/16.6 Mobile/15E148 Safari/604.1\"","timestamp":"2025-05-06 11:01:00"}
{"ip":"::1","level":"info","message":"Requête entrante","method":"POST","timestamp":"2025-05-06 11:02:00","url":"/api/users/forgot-password","userAgent":"Mozilla/5.0 (iPad; CPU OS 16_6 like Mac OS X) AppleWebKit/605.1.15 (KHTML, like Gecko) Version/16.6 Mobile/15E148 Safari/604.1"}
{"code":"432091","level":"info","message":"Code OTP généré pour PASSWORD_RESET","timestamp":"2025-05-06 11:02:00","type":"PASSWORD_RESET","userId":"cmac8hgr10000198dlfw1qsjf"}
{"level":"info","message":"Initialisation du processus d'envoi d'email","timestamp":"2025-05-06 11:02:00"}
{"level":"info","message":"Email envoyé avec succès","messageId":"<5b6bbe4c-5db8-b59b-ef12-394c4a868c48@gmail.com>","timestamp":"2025-05-06 11:02:03","to":"ayemanagossa@gmail.com"}
{"email":"ayemanagossa@gmail.com","ip":"::1","level":"info","message":"Demande de réinitialisation de mot de passe","timestamp":"2025-05-06 11:02:03","userId":"cmac8hgr10000198dlfw1qsjf"}
{"ip":"::1","level":"info","message":"Requête entrante","method":"POST","timestamp":"2025-05-06 11:02:20","url":"/api/users/verify-password-otp","userAgent":"Mozilla/5.0 (iPad; CPU OS 16_6 like Mac OS X) AppleWebKit/605.1.15 (KHTML, like Gecko) Version/16.6 Mobile/15E148 Safari/604.1"}
{"email":"ayemanagossa@gmail.com","ip":"::1","level":"info","message":"Code OTP vérifié avec succès pour réinitialisation de mot de passe","timestamp":"2025-05-06 11:02:20","userId":"cmac8hgr10000198dlfw1qsjf"}
{"ip":"::1","level":"info","message":"Requête entrante","method":"POST","timestamp":"2025-05-06 11:02:36","url":"/api/users/reset-password","userAgent":"Mozilla/5.0 (iPad; CPU OS 16_6 like Mac OS X) AppleWebKit/605.1.15 (KHTML, like Gecko) Version/16.6 Mobile/15E148 Safari/604.1"}
{"error":"token is not a v3.local PASETO","level":"error","message":"Erreur lors de la vérification du token PASETO","stack":"PasetoInvalid: token is not a v3.local PASETO\n    at pre (/Volumes/Untitled/MonAppEcommerce/back-end/node_modules/paseto/lib/help/consume.js:14:11)\n    at Object.v3Decrypt [as decrypt] (/Volumes/Untitled/MonAppEcommerce/back-end/node_modules/paseto/lib/v3/decrypt.js:13:22)\n    at verifyToken (file:///Volumes/Untitled/MonAppEcommerce/back-end/src/utils/paseto.js:244:30)\n    at resetPassword (file:///Volumes/Untitled/MonAppEcommerce/back-end/src/controllers/auth/passwordController.js:168:19)\n    at Layer.handle [as handle_request] (/Volumes/Untitled/MonAppEcommerce/back-end/node_modules/express/lib/router/layer.js:95:5)\n    at next (/Volumes/Untitled/MonAppEcommerce/back-end/node_modules/express/lib/router/route.js:149:13)\n    at Route.dispatch (/Volumes/Untitled/MonAppEcommerce/back-end/node_modules/express/lib/router/route.js:119:3)\n    at Layer.handle [as handle_request] (/Volumes/Untitled/MonAppEcommerce/back-end/node_modules/express/lib/router/layer.js:95:5)\n    at /Volumes/Untitled/MonAppEcommerce/back-end/node_modules/express/lib/router/index.js:284:15\n    at Function.process_params (/Volumes/Untitled/MonAppEcommerce/back-end/node_modules/express/lib/router/index.js:346:12)","timestamp":"2025-05-06 11:02:36"}
{"error":"Token PASETO invalide ou expiré","ip":"::1","level":"warn","message":"Tentative de réinitialisation avec un token invalide","timestamp":"2025-05-06 11:02:36"}
{"level":"error","message":"::1 - - [06/May/2025:10:02:36 +0000] \"POST /api/users/reset-password HTTP/1.1\" 401 108 \"http://localhost:5173/\" \"Mozilla/5.0 (iPad; CPU OS 16_6 like Mac OS X) AppleWebKit/605.1.15 (KHTML, like Gecko) Version/16.6 Mobile/15E148 Safari/604.1\"","timestamp":"2025-05-06 11:02:36"}
{"level":"info","message":"Clé PASETO chargée depuis le fichier","path":"/Volumes/Untitled/MonAppEcommerce/paseto_local_key","timestamp":"2025-05-06 11:08:45"}
{"level":"info","message":"Prisma Info Starting a postgresql pool with 21 connections.","target":"quaint::pooled","timestamp":"2025-05-06 11:08:45"}
{"level":"info","message":"Successfully connected to the database","timestamp":"2025-05-06 11:08:45"}
{"level":"info","message":"🚀 Serveur démarré sur http://localhost:4000","timestamp":"2025-05-06 11:08:45"}
{"level":"info","message":"Clé PASETO chargée depuis le fichier","path":"/Volumes/Untitled/MonAppEcommerce/paseto_local_key","timestamp":"2025-05-06 11:08:59"}
{"level":"info","message":"Prisma Info Starting a postgresql pool with 21 connections.","target":"quaint::pooled","timestamp":"2025-05-06 11:08:59"}
{"level":"info","message":"Successfully connected to the database","timestamp":"2025-05-06 11:08:59"}
{"level":"info","message":"🚀 Serveur démarré sur http://localhost:4000","timestamp":"2025-05-06 11:08:59"}
{"ip":"::1","level":"info","message":"Requête entrante","method":"POST","timestamp":"2025-05-06 11:11:51","url":"/api/users/reset-password","userAgent":"Mozilla/5.0 (iPad; CPU OS 16_6 like Mac OS X) AppleWebKit/605.1.15 (KHTML, like Gecko) Version/16.6 Mobile/15E148 Safari/604.1"}
{"error":"token is not a v3.local PASETO","level":"error","message":"Erreur lors de la vérification du token PASETO","stack":"PasetoInvalid: token is not a v3.local PASETO\n    at pre (/Volumes/Untitled/MonAppEcommerce/back-end/node_modules/paseto/lib/help/consume.js:14:11)\n    at Object.v3Decrypt [as decrypt] (/Volumes/Untitled/MonAppEcommerce/back-end/node_modules/paseto/lib/v3/decrypt.js:13:22)\n    at verifyToken (file:///Volumes/Untitled/MonAppEcommerce/back-end/src/utils/paseto.js:254:30)\n    at resetPassword (file:///Volumes/Untitled/MonAppEcommerce/back-end/src/controllers/auth/passwordController.js:168:19)\n    at Layer.handle [as handle_request] (/Volumes/Untitled/MonAppEcommerce/back-end/node_modules/express/lib/router/layer.js:95:5)\n    at next (/Volumes/Untitled/MonAppEcommerce/back-end/node_modules/express/lib/router/route.js:149:13)\n    at Route.dispatch (/Volumes/Untitled/MonAppEcommerce/back-end/node_modules/express/lib/router/route.js:119:3)\n    at Layer.handle [as handle_request] (/Volumes/Untitled/MonAppEcommerce/back-end/node_modules/express/lib/router/layer.js:95:5)\n    at /Volumes/Untitled/MonAppEcommerce/back-end/node_modules/express/lib/router/index.js:284:15\n    at Function.process_params (/Volumes/Untitled/MonAppEcommerce/back-end/node_modules/express/lib/router/index.js:346:12)","timestamp":"2025-05-06 11:11:51"}
{"error":"Token PASETO invalide ou expiré","ip":"::1","level":"warn","message":"Tentative de réinitialisation avec un token invalide","timestamp":"2025-05-06 11:11:51"}
{"level":"error","message":"::1 - - [06/May/2025:10:11:51 +0000] \"POST /api/users/reset-password HTTP/1.1\" 401 108 \"http://localhost:5173/\" \"Mozilla/5.0 (iPad; CPU OS 16_6 like Mac OS X) AppleWebKit/605.1.15 (KHTML, like Gecko) Version/16.6 Mobile/15E148 Safari/604.1\"","timestamp":"2025-05-06 11:11:51"}
{"level":"info","message":"Clé PASETO chargée depuis le fichier","path":"/Volumes/Untitled/MonAppEcommerce/paseto_local_key","timestamp":"2025-05-06 11:13:09"}
{"level":"info","message":"Prisma Info Starting a postgresql pool with 21 connections.","target":"quaint::pooled","timestamp":"2025-05-06 11:13:09"}
{"level":"info","message":"Successfully connected to the database","timestamp":"2025-05-06 11:13:09"}
{"level":"info","message":"🚀 Serveur démarré sur http://localhost:4000","timestamp":"2025-05-06 11:13:09"}
{"ip":"::1","level":"info","message":"Requête entrante","method":"POST","timestamp":"2025-05-06 11:14:47","url":"/api/users/reset-password","userAgent":"Mozilla/5.0 (iPad; CPU OS 16_6 like Mac OS X) AppleWebKit/605.1.15 (KHTML, like Gecko) Version/16.6 Mobile/15E148 Safari/604.1"}
{"error":"token is not a v3.local PASETO","level":"error","message":"Erreur lors de la vérification du token PASETO","stack":"PasetoInvalid: token is not a v3.local PASETO\n    at pre (/Volumes/Untitled/MonAppEcommerce/back-end/node_modules/paseto/lib/help/consume.js:14:11)\n    at Object.v3Decrypt [as decrypt] (/Volumes/Untitled/MonAppEcommerce/back-end/node_modules/paseto/lib/v3/decrypt.js:13:22)\n    at verifyToken (file:///Volumes/Untitled/MonAppEcommerce/back-end/src/utils/paseto.js:266:30)\n    at resetPassword (file:///Volumes/Untitled/MonAppEcommerce/back-end/src/controllers/auth/passwordController.js:168:19)\n    at Layer.handle [as handle_request] (/Volumes/Untitled/MonAppEcommerce/back-end/node_modules/express/lib/router/layer.js:95:5)\n    at next (/Volumes/Untitled/MonAppEcommerce/back-end/node_modules/express/lib/router/route.js:149:13)\n    at Route.dispatch (/Volumes/Untitled/MonAppEcommerce/back-end/node_modules/express/lib/router/route.js:119:3)\n    at Layer.handle [as handle_request] (/Volumes/Untitled/MonAppEcommerce/back-end/node_modules/express/lib/router/layer.js:95:5)\n    at /Volumes/Untitled/MonAppEcommerce/back-end/node_modules/express/lib/router/index.js:284:15\n    at Function.process_params (/Volumes/Untitled/MonAppEcommerce/back-end/node_modules/express/lib/router/index.js:346:12)","timestamp":"2025-05-06 11:14:47"}
{"error":"Token PASETO invalide ou expiré","ip":"::1","level":"warn","message":"Tentative de réinitialisation avec un token invalide","timestamp":"2025-05-06 11:14:47"}
{"level":"error","message":"::1 - - [06/May/2025:10:14:47 +0000] \"POST /api/users/reset-password HTTP/1.1\" 401 108 \"http://localhost:5173/\" \"Mozilla/5.0 (iPad; CPU OS 16_6 like Mac OS X) AppleWebKit/605.1.15 (KHTML, like Gecko) Version/16.6 Mobile/15E148 Safari/604.1\"","timestamp":"2025-05-06 11:14:47"}
{"ip":"::1","level":"info","message":"Requête entrante","method":"POST","timestamp":"2025-05-06 11:14:49","url":"/api/users/reset-password","userAgent":"Mozilla/5.0 (iPad; CPU OS 16_6 like Mac OS X) AppleWebKit/605.1.15 (KHTML, like Gecko) Version/16.6 Mobile/15E148 Safari/604.1"}
{"error":"token is not a v3.local PASETO","level":"error","message":"Erreur lors de la vérification du token PASETO","stack":"PasetoInvalid: token is not a v3.local PASETO\n    at pre (/Volumes/Untitled/MonAppEcommerce/back-end/node_modules/paseto/lib/help/consume.js:14:11)\n    at Object.v3Decrypt [as decrypt] (/Volumes/Untitled/MonAppEcommerce/back-end/node_modules/paseto/lib/v3/decrypt.js:13:22)\n    at verifyToken (file:///Volumes/Untitled/MonAppEcommerce/back-end/src/utils/paseto.js:266:30)\n    at resetPassword (file:///Volumes/Untitled/MonAppEcommerce/back-end/src/controllers/auth/passwordController.js:168:19)\n    at Layer.handle [as handle_request] (/Volumes/Untitled/MonAppEcommerce/back-end/node_modules/express/lib/router/layer.js:95:5)\n    at next (/Volumes/Untitled/MonAppEcommerce/back-end/node_modules/express/lib/router/route.js:149:13)\n    at Route.dispatch (/Volumes/Untitled/MonAppEcommerce/back-end/node_modules/express/lib/router/route.js:119:3)\n    at Layer.handle [as handle_request] (/Volumes/Untitled/MonAppEcommerce/back-end/node_modules/express/lib/router/layer.js:95:5)\n    at /Volumes/Untitled/MonAppEcommerce/back-end/node_modules/express/lib/router/index.js:284:15\n    at Function.process_params (/Volumes/Untitled/MonAppEcommerce/back-end/node_modules/express/lib/router/index.js:346:12)","timestamp":"2025-05-06 11:14:49"}
{"error":"Token PASETO invalide ou expiré","ip":"::1","level":"warn","message":"Tentative de réinitialisation avec un token invalide","timestamp":"2025-05-06 11:14:49"}
{"level":"error","message":"::1 - - [06/May/2025:10:14:49 +0000] \"POST /api/users/reset-password HTTP/1.1\" 401 108 \"http://localhost:5173/\" \"Mozilla/5.0 (iPad; CPU OS 16_6 like Mac OS X) AppleWebKit/605.1.15 (KHTML, like Gecko) Version/16.6 Mobile/15E148 Safari/604.1\"","timestamp":"2025-05-06 11:14:49"}
{"level":"info","message":"Clé PASETO chargée depuis le fichier","path":"/Volumes/Untitled/MonAppEcommerce/paseto_local_key","timestamp":"2025-05-06 11:19:44"}
{"level":"info","message":"Prisma Info Starting a postgresql pool with 21 connections.","target":"quaint::pooled","timestamp":"2025-05-06 11:19:44"}
{"level":"info","message":"Successfully connected to the database","timestamp":"2025-05-06 11:19:44"}
{"level":"info","message":"🚀 Serveur démarré sur http://localhost:4000","timestamp":"2025-05-06 11:19:44"}
{"ip":"::1","level":"info","message":"Requête entrante","method":"POST","timestamp":"2025-05-06 11:19:59","url":"/api/users/reset-password","userAgent":"Mozilla/5.0 (iPad; CPU OS 16_6 like Mac OS X) AppleWebKit/605.1.15 (KHTML, like Gecko) Version/16.6 Mobile/15E148 Safari/604.1"}
{"error":"token is not a v3.local PASETO","level":"error","message":"Erreur lors de la vérification du token PASETO","stack":"PasetoInvalid: token is not a v3.local PASETO\n    at pre (/Volumes/Untitled/MonAppEcommerce/back-end/node_modules/paseto/lib/help/consume.js:14:11)\n    at Object.v3Decrypt [as decrypt] (/Volumes/Untitled/MonAppEcommerce/back-end/node_modules/paseto/lib/v3/decrypt.js:13:22)\n    at verifyToken (file:///Volumes/Untitled/MonAppEcommerce/back-end/src/utils/paseto.js:232:30)\n    at resetPassword (file:///Volumes/Untitled/MonAppEcommerce/back-end/src/controllers/auth/passwordController.js:168:19)\n    at Layer.handle [as handle_request] (/Volumes/Untitled/MonAppEcommerce/back-end/node_modules/express/lib/router/layer.js:95:5)\n    at next (/Volumes/Untitled/MonAppEcommerce/back-end/node_modules/express/lib/router/route.js:149:13)\n    at Route.dispatch (/Volumes/Untitled/MonAppEcommerce/back-end/node_modules/express/lib/router/route.js:119:3)\n    at Layer.handle [as handle_request] (/Volumes/Untitled/MonAppEcommerce/back-end/node_modules/express/lib/router/layer.js:95:5)\n    at /Volumes/Untitled/MonAppEcommerce/back-end/node_modules/express/lib/router/index.js:284:15\n    at Function.process_params (/Volumes/Untitled/MonAppEcommerce/back-end/node_modules/express/lib/router/index.js:346:12)","timestamp":"2025-05-06 11:19:59"}
{"error":"Token PASETO invalide ou expiré","ip":"::1","level":"warn","message":"Tentative de réinitialisation avec un token invalide","timestamp":"2025-05-06 11:19:59"}
{"level":"error","message":"::1 - - [06/May/2025:10:19:59 +0000] \"POST /api/users/reset-password HTTP/1.1\" 401 108 \"http://localhost:5173/\" \"Mozilla/5.0 (iPad; CPU OS 16_6 like Mac OS X) AppleWebKit/605.1.15 (KHTML, like Gecko) Version/16.6 Mobile/15E148 Safari/604.1\"","timestamp":"2025-05-06 11:19:59"}
{"ip":"::1","level":"info","message":"Requête entrante","method":"POST","timestamp":"2025-05-06 11:20:17","url":"/api/users/forgot-password","userAgent":"Mozilla/5.0 (iPad; CPU OS 16_6 like Mac OS X) AppleWebKit/605.1.15 (KHTML, like Gecko) Version/16.6 Mobile/15E148 Safari/604.1"}
{"code":"628507","level":"info","message":"Code OTP généré pour PASSWORD_RESET","timestamp":"2025-05-06 11:20:17","type":"PASSWORD_RESET","userId":"cmac8hgr10000198dlfw1qsjf"}
{"level":"info","message":"Initialisation du processus d'envoi d'email","timestamp":"2025-05-06 11:20:17"}
{"level":"info","message":"Email envoyé avec succès","messageId":"<c781061f-4c93-cf49-bc13-aa5cf6f1b63b@gmail.com>","timestamp":"2025-05-06 11:20:19","to":"ayemanagossa@gmail.com"}
{"email":"ayemanagossa@gmail.com","ip":"::1","level":"info","message":"Demande de réinitialisation de mot de passe","timestamp":"2025-05-06 11:20:19","userId":"cmac8hgr10000198dlfw1qsjf"}
{"ip":"::1","level":"info","message":"Requête entrante","method":"POST","timestamp":"2025-05-06 11:21:01","url":"/api/users/verify-password-otp","userAgent":"Mozilla/5.0 (iPad; CPU OS 16_6 like Mac OS X) AppleWebKit/605.1.15 (KHTML, like Gecko) Version/16.6 Mobile/15E148 Safari/604.1"}
{"error":"crypto.randomBytes is not a function","ip":"::1","level":"error","message":"Erreur lors de la vérification du code OTP","stack":"TypeError: crypto.randomBytes is not a function\n    at generateOneTimeToken (file:///Volumes/Untitled/MonAppEcommerce/back-end/src/utils/paseto.js:179:17)\n    at verifyPasswordResetOTP (file:///Volumes/Untitled/MonAppEcommerce/back-end/src/controllers/auth/passwordController.js:323:30)","timestamp":"2025-05-06 11:21:01"}
{"level":"error","message":"::1 - - [06/May/2025:10:21:01 +0000] \"POST /api/users/verify-password-otp HTTP/1.1\" 500 133 \"http://localhost:5173/\" \"Mozilla/5.0 (iPad; CPU OS 16_6 like Mac OS X) AppleWebKit/605.1.15 (KHTML, like Gecko) Version/16.6 Mobile/15E148 Safari/604.1\"","timestamp":"2025-05-06 11:21:01"}
{"ip":"::1","level":"info","message":"Requête entrante","method":"POST","timestamp":"2025-05-06 11:21:07","url":"/api/users/verify-password-otp","userAgent":"Mozilla/5.0 (iPad; CPU OS 16_6 like Mac OS X) AppleWebKit/605.1.15 (KHTML, like Gecko) Version/16.6 Mobile/15E148 Safari/604.1"}
{"error":"crypto.randomBytes is not a function","ip":"::1","level":"error","message":"Erreur lors de la vérification du code OTP","stack":"TypeError: crypto.randomBytes is not a function\n    at generateOneTimeToken (file:///Volumes/Untitled/MonAppEcommerce/back-end/src/utils/paseto.js:179:17)\n    at verifyPasswordResetOTP (file:///Volumes/Untitled/MonAppEcommerce/back-end/src/controllers/auth/passwordController.js:323:30)","timestamp":"2025-05-06 11:21:07"}
{"level":"error","message":"::1 - - [06/May/2025:10:21:07 +0000] \"POST /api/users/verify-password-otp HTTP/1.1\" 500 133 \"http://localhost:5173/\" \"Mozilla/5.0 (iPad; CPU OS 16_6 like Mac OS X) AppleWebKit/605.1.15 (KHTML, like Gecko) Version/16.6 Mobile/15E148 Safari/604.1\"","timestamp":"2025-05-06 11:21:07"}
{"level":"info","message":"Clé PASETO chargée depuis le fichier","path":"/Volumes/Untitled/MonAppEcommerce/paseto_local_key","timestamp":"2025-05-06 11:21:37"}
{"level":"info","message":"Prisma Info Starting a postgresql pool with 21 connections.","target":"quaint::pooled","timestamp":"2025-05-06 11:21:37"}
{"level":"info","message":"Successfully connected to the database","timestamp":"2025-05-06 11:21:37"}
{"level":"info","message":"🚀 Serveur démarré sur http://localhost:4000","timestamp":"2025-05-06 11:21:37"}
{"level":"info","message":"Clé PASETO chargée depuis le fichier","path":"/Volumes/Untitled/MonAppEcommerce/paseto_local_key","timestamp":"2025-05-06 11:23:05"}
{"level":"info","message":"Prisma Info Starting a postgresql pool with 21 connections.","target":"quaint::pooled","timestamp":"2025-05-06 11:23:05"}
{"level":"info","message":"Successfully connected to the database","timestamp":"2025-05-06 11:23:05"}
{"level":"info","message":"🚀 Serveur démarré sur http://localhost:4000","timestamp":"2025-05-06 11:23:05"}
{"ip":"::1","level":"info","message":"Requête entrante","method":"POST","timestamp":"2025-05-06 11:23:14","url":"/api/users/verify-password-otp","userAgent":"Mozilla/5.0 (iPad; CPU OS 16_6 like Mac OS X) AppleWebKit/605.1.15 (KHTML, like Gecko) Version/16.6 Mobile/15E148 Safari/604.1"}
{"level":"info","message":"Token à usage unique généré avec succès","purpose":"password_reset","timestamp":"2025-05-06 11:23:14","userId":"cmac8hgr10000198dlfw1qsjf"}
{"email":"ayemanagossa@gmail.com","ip":"::1","level":"info","message":"Code OTP vérifié avec succès pour réinitialisation de mot de passe","timestamp":"2025-05-06 11:23:14","userId":"cmac8hgr10000198dlfw1qsjf"}
{"ip":"::1","level":"info","message":"Requête entrante","method":"POST","timestamp":"2025-05-06 11:23:31","url":"/api/users/reset-password","userAgent":"Mozilla/5.0 (iPad; CPU OS 16_6 like Mac OS X) AppleWebKit/605.1.15 (KHTML, like Gecko) Version/16.6 Mobile/15E148 Safari/604.1"}
{"error":"token is not a v3.local PASETO","level":"error","message":"Erreur lors de la vérification du token PASETO","stack":"PasetoInvalid: token is not a v3.local PASETO\n    at pre (/Volumes/Untitled/MonAppEcommerce/back-end/node_modules/paseto/lib/help/consume.js:14:11)\n    at Object.v3Decrypt [as decrypt] (/Volumes/Untitled/MonAppEcommerce/back-end/node_modules/paseto/lib/v3/decrypt.js:13:22)\n    at verifyToken (file:///Volumes/Untitled/MonAppEcommerce/back-end/src/utils/paseto.js:233:30)\n    at resetPassword (file:///Volumes/Untitled/MonAppEcommerce/back-end/src/controllers/auth/passwordController.js:168:19)\n    at Layer.handle [as handle_request] (/Volumes/Untitled/MonAppEcommerce/back-end/node_modules/express/lib/router/layer.js:95:5)\n    at next (/Volumes/Untitled/MonAppEcommerce/back-end/node_modules/express/lib/router/route.js:149:13)\n    at Route.dispatch (/Volumes/Untitled/MonAppEcommerce/back-end/node_modules/express/lib/router/route.js:119:3)\n    at Layer.handle [as handle_request] (/Volumes/Untitled/MonAppEcommerce/back-end/node_modules/express/lib/router/layer.js:95:5)\n    at /Volumes/Untitled/MonAppEcommerce/back-end/node_modules/express/lib/router/index.js:284:15\n    at Function.process_params (/Volumes/Untitled/MonAppEcommerce/back-end/node_modules/express/lib/router/index.js:346:12)","timestamp":"2025-05-06 11:23:31"}
{"error":"Token PASETO invalide ou expiré","ip":"::1","level":"warn","message":"Tentative de réinitialisation avec un token invalide","timestamp":"2025-05-06 11:23:31"}
{"level":"error","message":"::1 - - [06/May/2025:10:23:31 +0000] \"POST /api/users/reset-password HTTP/1.1\" 401 108 \"http://localhost:5173/\" \"Mozilla/5.0 (iPad; CPU OS 16_6 like Mac OS X) AppleWebKit/605.1.15 (KHTML, like Gecko) Version/16.6 Mobile/15E148 Safari/604.1\"","timestamp":"2025-05-06 11:23:31"}
{"level":"info","message":"Clé PASETO chargée depuis le fichier","path":"/Volumes/Untitled/MonAppEcommerce/paseto_local_key","timestamp":"2025-05-06 11:26:10"}
{"level":"info","message":"Prisma Info Starting a postgresql pool with 21 connections.","target":"quaint::pooled","timestamp":"2025-05-06 11:26:10"}
{"level":"info","message":"Successfully connected to the database","timestamp":"2025-05-06 11:26:10"}
{"level":"info","message":"🚀 Serveur démarré sur http://localhost:4000","timestamp":"2025-05-06 11:26:10"}
{"ip":"::1","level":"info","message":"Requête entrante","method":"POST","timestamp":"2025-05-06 11:26:14","url":"/api/users/reset-password","userAgent":"Mozilla/5.0 (iPad; CPU OS 16_6 like Mac OS X) AppleWebKit/605.1.15 (KHTML, like Gecko) Version/16.6 Mobile/15E148 Safari/604.1"}
{"error":"token is not a v3.local PASETO","level":"error","message":"Erreur lors de la vérification du token PASETO","stack":"PasetoInvalid: token is not a v3.local PASETO\n    at pre (/Volumes/Untitled/MonAppEcommerce/back-end/node_modules/paseto/lib/help/consume.js:14:11)\n    at Object.v3Decrypt [as decrypt] (/Volumes/Untitled/MonAppEcommerce/back-end/node_modules/paseto/lib/v3/decrypt.js:13:22)\n    at verifyToken (file:///Volumes/Untitled/MonAppEcommerce/back-end/src/utils/paseto.js:233:30)\n    at resetPassword (file:///Volumes/Untitled/MonAppEcommerce/back-end/src/controllers/auth/passwordController.js:168:19)\n    at Layer.handle [as handle_request] (/Volumes/Untitled/MonAppEcommerce/back-end/node_modules/express/lib/router/layer.js:95:5)\n    at next (/Volumes/Untitled/MonAppEcommerce/back-end/node_modules/express/lib/router/route.js:149:13)\n    at Route.dispatch (/Volumes/Untitled/MonAppEcommerce/back-end/node_modules/express/lib/router/route.js:119:3)\n    at Layer.handle [as handle_request] (/Volumes/Untitled/MonAppEcommerce/back-end/node_modules/express/lib/router/layer.js:95:5)\n    at /Volumes/Untitled/MonAppEcommerce/back-end/node_modules/express/lib/router/index.js:284:15\n    at Function.process_params (/Volumes/Untitled/MonAppEcommerce/back-end/node_modules/express/lib/router/index.js:346:12)","timestamp":"2025-05-06 11:26:14"}
{"error":"Token PASETO invalide ou expiré","ip":"::1","level":"warn","message":"Tentative de réinitialisation avec un token invalide","timestamp":"2025-05-06 11:26:14"}
{"level":"error","message":"::1 - - [06/May/2025:10:26:14 +0000] \"POST /api/users/reset-password HTTP/1.1\" 401 108 \"http://localhost:5173/\" \"Mozilla/5.0 (iPad; CPU OS 16_6 like Mac OS X) AppleWebKit/605.1.15 (KHTML, like Gecko) Version/16.6 Mobile/15E148 Safari/604.1\"","timestamp":"2025-05-06 11:26:14"}
{"ip":"::1","level":"info","message":"Requête entrante","method":"POST","timestamp":"2025-05-06 11:26:27","url":"/api/users/reset-password","userAgent":"Mozilla/5.0 (iPad; CPU OS 16_6 like Mac OS X) AppleWebKit/605.1.15 (KHTML, like Gecko) Version/16.6 Mobile/15E148 Safari/604.1"}
{"error":"token is not a v3.local PASETO","level":"error","message":"Erreur lors de la vérification du token PASETO","stack":"PasetoInvalid: token is not a v3.local PASETO\n    at pre (/Volumes/Untitled/MonAppEcommerce/back-end/node_modules/paseto/lib/help/consume.js:14:11)\n    at Object.v3Decrypt [as decrypt] (/Volumes/Untitled/MonAppEcommerce/back-end/node_modules/paseto/lib/v3/decrypt.js:13:22)\n    at verifyToken (file:///Volumes/Untitled/MonAppEcommerce/back-end/src/utils/paseto.js:233:30)\n    at resetPassword (file:///Volumes/Untitled/MonAppEcommerce/back-end/src/controllers/auth/passwordController.js:168:19)\n    at Layer.handle [as handle_request] (/Volumes/Untitled/MonAppEcommerce/back-end/node_modules/express/lib/router/layer.js:95:5)\n    at next (/Volumes/Untitled/MonAppEcommerce/back-end/node_modules/express/lib/router/route.js:149:13)\n    at Route.dispatch (/Volumes/Untitled/MonAppEcommerce/back-end/node_modules/express/lib/router/route.js:119:3)\n    at Layer.handle [as handle_request] (/Volumes/Untitled/MonAppEcommerce/back-end/node_modules/express/lib/router/layer.js:95:5)\n    at /Volumes/Untitled/MonAppEcommerce/back-end/node_modules/express/lib/router/index.js:284:15\n    at Function.process_params (/Volumes/Untitled/MonAppEcommerce/back-end/node_modules/express/lib/router/index.js:346:12)","timestamp":"2025-05-06 11:26:27"}
{"error":"Token PASETO invalide ou expiré","ip":"::1","level":"warn","message":"Tentative de réinitialisation avec un token invalide","timestamp":"2025-05-06 11:26:27"}
{"level":"error","message":"::1 - - [06/May/2025:10:26:27 +0000] \"POST /api/users/reset-password HTTP/1.1\" 401 108 \"http://localhost:5173/\" \"Mozilla/5.0 (iPad; CPU OS 16_6 like Mac OS X) AppleWebKit/605.1.15 (KHTML, like Gecko) Version/16.6 Mobile/15E148 Safari/604.1\"","timestamp":"2025-05-06 11:26:27"}
