{"level":"info","message":"Prisma Info Starting a postgresql pool with 21 connections.","target":"quaint::pooled","timestamp":"2025-05-07 17:45:49"}
{"level":"info","message":"Nouvelle clé PASETO V3 générée et sauvegardée","path":"/Volumes/Untitled/MonAppEcommerce/paseto_local_key","timestamp":"2025-05-07 17:45:49"}
{"level":"info","message":"Successfully connected to the database","timestamp":"2025-05-07 17:45:49"}
{"level":"info","message":"🚀 Serveur démarré sur http://localhost:4000","timestamp":"2025-05-07 17:45:49"}
{"level":"info","message":"Disconnected from the database due to application termination","timestamp":"2025-05-07 17:46:01"}
{"level":"info","message":"Clé PASETO chargée depuis le fichier","path":"/Volumes/Untitled/MonAppEcommerce/paseto_local_key","timestamp":"2025-05-07 17:46:03"}
{"level":"info","message":"Prisma Info Starting a postgresql pool with 21 connections.","target":"quaint::pooled","timestamp":"2025-05-07 17:46:03"}
{"level":"info","message":"Successfully connected to the database","timestamp":"2025-05-07 17:46:03"}
{"level":"info","message":"🚀 Serveur démarré sur http://localhost:4000","timestamp":"2025-05-07 17:46:03"}
{"ip":"::1","level":"info","message":"Requête entrante","method":"POST","timestamp":"2025-05-07 17:46:13","url":"/api/users/login","userAgent":"Mozilla/5.0 (Macintosh; Intel Mac OS X 10_15_7) AppleWebKit/537.36 (KHTML, like Gecko) Chrome/135.0.0.0 Safari/537.36"}
{"ip":"::1","level":"info","message":"Tentative de connexion avec un email non vérifié","timestamp":"2025-05-07 17:46:14","userId":"cma9lutqh000419utu65wsqc5"}
{"level":"error","message":"::1 - - [07/May/2025:16:46:14 +0000] \"POST /api/users/login HTTP/1.1\" 403 120 \"http://localhost:5173/\" \"Mozilla/5.0 (Macintosh; Intel Mac OS X 10_15_7) AppleWebKit/537.36 (KHTML, like Gecko) Chrome/135.0.0.0 Safari/537.36\"","timestamp":"2025-05-07 17:46:14"}
{"ip":"::1","level":"info","message":"Requête entrante","method":"POST","timestamp":"2025-05-07 17:46:19","url":"/api/users/login","userAgent":"Mozilla/5.0 (Macintosh; Intel Mac OS X 10_15_7) AppleWebKit/537.36 (KHTML, like Gecko) Chrome/135.0.0.0 Safari/537.36"}
{"level":"error","message":"::1 - - [07/May/2025:16:46:19 +0000] \"POST /api/users/login HTTP/1.1\" 401 75 \"http://localhost:5173/\" \"Mozilla/5.0 (Macintosh; Intel Mac OS X 10_15_7) AppleWebKit/537.36 (KHTML, like Gecko) Chrome/135.0.0.0 Safari/537.36\"","timestamp":"2025-05-07 17:46:19"}
{"ip":"::1","level":"info","message":"Requête entrante","method":"POST","timestamp":"2025-05-07 17:46:27","url":"/api/users/login","userAgent":"Mozilla/5.0 (Macintosh; Intel Mac OS X 10_15_7) AppleWebKit/537.36 (KHTML, like Gecko) Chrome/135.0.0.0 Safari/537.36"}
{"level":"error","message":"::1 - - [07/May/2025:16:46:28 +0000] \"POST /api/users/login HTTP/1.1\" 401 75 \"http://localhost:5173/\" \"Mozilla/5.0 (Macintosh; Intel Mac OS X 10_15_7) AppleWebKit/537.36 (KHTML, like Gecko) Chrome/135.0.0.0 Safari/537.36\"","timestamp":"2025-05-07 17:46:28"}
{"ip":"::1","level":"info","message":"Requête entrante","method":"POST","timestamp":"2025-05-07 17:46:47","url":"/api/users/forgot-password","userAgent":"Mozilla/5.0 (Macintosh; Intel Mac OS X 10_15_7) AppleWebKit/537.36 (KHTML, like Gecko) Chrome/135.0.0.0 Safari/537.36"}
{"code":"634358","level":"info","message":"Code OTP généré pour PASSWORD_RESET","timestamp":"2025-05-07 17:46:48","type":"PASSWORD_RESET","userId":"cmac8hgr10000198dlfw1qsjf"}
{"level":"info","message":"Initialisation du processus d'envoi d'email","timestamp":"2025-05-07 17:46:48"}
{"level":"info","message":"Email envoyé avec succès","messageId":"<4e6b071c-a6c7-0762-d1db-208f8096a1c4@gmail.com>","timestamp":"2025-05-07 17:46:50","to":"ayemanagossa@gmail.com"}
{"email":"ayemanagossa@gmail.com","ip":"::1","level":"info","message":"Demande de réinitialisation de mot de passe","timestamp":"2025-05-07 17:46:50","userId":"cmac8hgr10000198dlfw1qsjf"}
{"ip":"::1","level":"info","message":"Requête entrante","method":"POST","timestamp":"2025-05-07 17:47:13","url":"/api/users/verify-password-otp","userAgent":"Mozilla/5.0 (Macintosh; Intel Mac OS X 10_15_7) AppleWebKit/537.36 (KHTML, like Gecko) Chrome/135.0.0.0 Safari/537.36"}
{"level":"info","message":"Token à usage unique généré avec succès","timestamp":"2025-05-07 17:47:13","userId":{"expiresIn":"15m","purpose":"password_reset","userId":"cmac8hgr10000198dlfw1qsjf"}}
{"level":"info","message":"Code OTP vérifié et marqué comme utilisé","otpId":"cmae67xs4000119eat7o712k5","timestamp":"2025-05-07 17:47:13","type":"PASSWORD_RESET","userId":"cmac8hgr10000198dlfw1qsjf"}
{"email":"ayemanagossa@gmail.com","ip":"::1","level":"info","message":"Code OTP vérifié avec succès pour la réinitialisation de mot de passe","timestamp":"2025-05-07 17:47:13","userId":"cmac8hgr10000198dlfw1qsjf"}
{"ip":"::1","level":"info","message":"Requête entrante","method":"POST","timestamp":"2025-05-07 17:47:15","url":"/api/users/verify-password-otp","userAgent":"Mozilla/5.0 (Macintosh; Intel Mac OS X 10_15_7) AppleWebKit/537.36 (KHTML, like Gecko) Chrome/135.0.0.0 Safari/537.36"}
{"email":"ayemanagossa@gmail.com","ip":"::1","level":"warn","message":"Échec de vérification du code OTP","reason":"Code OTP invalide ou expiré","timestamp":"2025-05-07 17:47:15","userId":"cmac8hgr10000198dlfw1qsjf"}
{"level":"error","message":"::1 - - [07/May/2025:16:47:15 +0000] \"POST /api/users/verify-password-otp HTTP/1.1\" 400 93 \"http://localhost:5173/\" \"Mozilla/5.0 (Macintosh; Intel Mac OS X 10_15_7) AppleWebKit/537.36 (KHTML, like Gecko) Chrome/135.0.0.0 Safari/537.36\"","timestamp":"2025-05-07 17:47:15"}
{"ip":"::1","level":"info","message":"Requête entrante","method":"POST","timestamp":"2025-05-07 17:47:18","url":"/api/users/verify-password-otp","userAgent":"Mozilla/5.0 (Macintosh; Intel Mac OS X 10_15_7) AppleWebKit/537.36 (KHTML, like Gecko) Chrome/135.0.0.0 Safari/537.36"}
{"email":"ayemanagossa@gmail.com","ip":"::1","level":"warn","message":"Échec de vérification du code OTP","reason":"Code OTP invalide ou expiré","timestamp":"2025-05-07 17:47:18","userId":"cmac8hgr10000198dlfw1qsjf"}
{"level":"error","message":"::1 - - [07/May/2025:16:47:18 +0000] \"POST /api/users/verify-password-otp HTTP/1.1\" 400 93 \"http://localhost:5173/\" \"Mozilla/5.0 (Macintosh; Intel Mac OS X 10_15_7) AppleWebKit/537.36 (KHTML, like Gecko) Chrome/135.0.0.0 Safari/537.36\"","timestamp":"2025-05-07 17:47:18"}
{"ip":"::1","level":"info","message":"Requête entrante","method":"POST","timestamp":"2025-05-07 17:47:18","url":"/api/users/verify-password-otp","userAgent":"Mozilla/5.0 (Macintosh; Intel Mac OS X 10_15_7) AppleWebKit/537.36 (KHTML, like Gecko) Chrome/135.0.0.0 Safari/537.36"}
{"email":"ayemanagossa@gmail.com","ip":"::1","level":"warn","message":"Échec de vérification du code OTP","reason":"Code OTP invalide ou expiré","timestamp":"2025-05-07 17:47:18","userId":"cmac8hgr10000198dlfw1qsjf"}
{"level":"error","message":"::1 - - [07/May/2025:16:47:18 +0000] \"POST /api/users/verify-password-otp HTTP/1.1\" 400 93 \"http://localhost:5173/\" \"Mozilla/5.0 (Macintosh; Intel Mac OS X 10_15_7) AppleWebKit/537.36 (KHTML, like Gecko) Chrome/135.0.0.0 Safari/537.36\"","timestamp":"2025-05-07 17:47:18"}
{"level":"info","message":"Clé PASETO chargée depuis le fichier","path":"/Volumes/Untitled/MonAppEcommerce/paseto_local_key","timestamp":"2025-05-07 17:49:49"}
{"level":"info","message":"Prisma Info Starting a postgresql pool with 21 connections.","target":"quaint::pooled","timestamp":"2025-05-07 17:49:49"}
{"level":"info","message":"Successfully connected to the database","timestamp":"2025-05-07 17:49:49"}
{"level":"info","message":"🚀 Serveur démarré sur http://localhost:4000","timestamp":"2025-05-07 17:49:49"}
{"ip":"::1","level":"info","message":"Requête entrante","method":"POST","timestamp":"2025-05-07 17:49:51","url":"/api/users/verify-password-otp","userAgent":"Mozilla/5.0 (Macintosh; Intel Mac OS X 10_15_7) AppleWebKit/605.1.15 (KHTML, like Gecko) Version/16.0 Safari/605.1.15"}
{"email":"ayemanagossa@gmail.com","ip":"::1","level":"warn","message":"Échec de vérification du code OTP","providedCode":"634358","reason":"Code OTP invalide ou expiré","timestamp":"2025-05-07 17:49:51","userId":"cmac8hgr10000198dlfw1qsjf"}
{"level":"error","message":"::1 - - [07/May/2025:16:49:51 +0000] \"POST /api/users/verify-password-otp HTTP/1.1\" 400 134 \"http://localhost:5173/\" \"Mozilla/5.0 (Macintosh; Intel Mac OS X 10_15_7) AppleWebKit/605.1.15 (KHTML, like Gecko) Version/16.0 Safari/605.1.15\"","timestamp":"2025-05-07 17:49:51"}
{"ip":"::1","level":"info","message":"Requête entrante","method":"POST","timestamp":"2025-05-07 17:49:51","url":"/api/users/verify-password-otp","userAgent":"Mozilla/5.0 (Macintosh; Intel Mac OS X 10_15_7) AppleWebKit/605.1.15 (KHTML, like Gecko) Version/16.0 Safari/605.1.15"}
{"email":"ayemanagossa@gmail.com","ip":"::1","level":"warn","message":"Échec de vérification du code OTP","providedCode":"634358","reason":"Code OTP invalide ou expiré","timestamp":"2025-05-07 17:49:52","userId":"cmac8hgr10000198dlfw1qsjf"}
{"level":"error","message":"::1 - - [07/May/2025:16:49:52 +0000] \"POST /api/users/verify-password-otp HTTP/1.1\" 400 134 \"http://localhost:5173/\" \"Mozilla/5.0 (Macintosh; Intel Mac OS X 10_15_7) AppleWebKit/605.1.15 (KHTML, like Gecko) Version/16.0 Safari/605.1.15\"","timestamp":"2025-05-07 17:49:52"}
{"ip":"::1","level":"info","message":"Requête entrante","method":"POST","timestamp":"2025-05-07 17:49:54","url":"/api/users/verify-password-otp","userAgent":"Mozilla/5.0 (Macintosh; Intel Mac OS X 10_15_7) AppleWebKit/605.1.15 (KHTML, like Gecko) Version/16.0 Safari/605.1.15"}
{"email":"ayemanagossa@gmail.com","ip":"::1","level":"warn","message":"Échec de vérification du code OTP","providedCode":"634358","reason":"Code OTP invalide ou expiré","timestamp":"2025-05-07 17:49:54","userId":"cmac8hgr10000198dlfw1qsjf"}
{"level":"error","message":"::1 - - [07/May/2025:16:49:54 +0000] \"POST /api/users/verify-password-otp HTTP/1.1\" 400 134 \"http://localhost:5173/\" \"Mozilla/5.0 (Macintosh; Intel Mac OS X 10_15_7) AppleWebKit/605.1.15 (KHTML, like Gecko) Version/16.0 Safari/605.1.15\"","timestamp":"2025-05-07 17:49:54"}
{"ip":"::1","level":"info","message":"Requête entrante","method":"POST","timestamp":"2025-05-07 17:50:22","url":"/api/users/forgot-password","userAgent":"Mozilla/5.0 (Macintosh; Intel Mac OS X 10_15_7) AppleWebKit/605.1.15 (KHTML, like Gecko) Version/16.0 Safari/605.1.15"}
{"code":"668504","level":"info","message":"Code OTP généré pour PASSWORD_RESET","timestamp":"2025-05-07 17:50:22","type":"PASSWORD_RESET","userId":"cmac8hgr10000198dlfw1qsjf"}
{"level":"info","message":"Initialisation du processus d'envoi d'email","timestamp":"2025-05-07 17:50:22"}
{"level":"info","message":"Email envoyé avec succès","messageId":"<7c7a2386-df7a-3a29-e7fc-7bd0dbe8e8ba@gmail.com>","timestamp":"2025-05-07 17:50:26","to":"ayemanagossa@gmail.com"}
{"email":"ayemanagossa@gmail.com","ip":"::1","level":"info","message":"Demande de réinitialisation de mot de passe","timestamp":"2025-05-07 17:50:26","userId":"cmac8hgr10000198dlfw1qsjf"}
{"ip":"::1","level":"info","message":"Requête entrante","method":"POST","timestamp":"2025-05-07 17:50:52","url":"/api/users/verify-password-otp","userAgent":"Mozilla/5.0 (Macintosh; Intel Mac OS X 10_15_7) AppleWebKit/605.1.15 (KHTML, like Gecko) Version/16.0 Safari/605.1.15"}
{"level":"info","message":"Token à usage unique généré avec succès","timestamp":"2025-05-07 17:50:52","userId":{"expiresIn":"15m","purpose":"password_reset","userId":"cmac8hgr10000198dlfw1qsjf"}}
{"level":"info","message":"Code OTP vérifié et marqué comme utilisé","otpId":"cmae6cjga000119w3e5j79xos","timestamp":"2025-05-07 17:50:52","type":"PASSWORD_RESET","userId":"cmac8hgr10000198dlfw1qsjf"}
{"email":"ayemanagossa@gmail.com","ip":"::1","level":"info","message":"Code OTP vérifié avec succès pour la réinitialisation de mot de passe","timestamp":"2025-05-07 17:50:52","userId":"cmac8hgr10000198dlfw1qsjf"}
{"ip":"::1","level":"info","message":"Requête entrante","method":"POST","timestamp":"2025-05-07 17:50:54","url":"/api/users/verify-password-otp","userAgent":"Mozilla/5.0 (Macintosh; Intel Mac OS X 10_15_7) AppleWebKit/605.1.15 (KHTML, like Gecko) Version/16.0 Safari/605.1.15"}
{"email":"ayemanagossa@gmail.com","ip":"::1","level":"warn","message":"Échec de vérification du code OTP","providedCode":"668504","reason":"Code OTP invalide ou expiré","timestamp":"2025-05-07 17:50:54","userId":"cmac8hgr10000198dlfw1qsjf"}
{"level":"error","message":"::1 - - [07/May/2025:16:50:54 +0000] \"POST /api/users/verify-password-otp HTTP/1.1\" 400 134 \"http://localhost:5173/\" \"Mozilla/5.0 (Macintosh; Intel Mac OS X 10_15_7) AppleWebKit/605.1.15 (KHTML, like Gecko) Version/16.0 Safari/605.1.15\"","timestamp":"2025-05-07 17:50:54"}
{"ip":"::1","level":"info","message":"Requête entrante","method":"POST","timestamp":"2025-05-07 17:53:57","url":"/api/users/verify-password-otp","userAgent":"Mozilla/5.0 (Macintosh; Intel Mac OS X 10_15_7) AppleWebKit/605.1.15 (KHTML, like Gecko) Version/16.0 Safari/605.1.15"}
{"email":"ayemanagossa@gmail.com","ip":"::1","level":"warn","message":"Échec de vérification du code OTP","providedCode":"668504","reason":"Code OTP invalide ou expiré","timestamp":"2025-05-07 17:53:57","userId":"cmac8hgr10000198dlfw1qsjf"}
{"level":"error","message":"::1 - - [07/May/2025:16:53:57 +0000] \"POST /api/users/verify-password-otp HTTP/1.1\" 400 134 \"http://localhost:5173/\" \"Mozilla/5.0 (Macintosh; Intel Mac OS X 10_15_7) AppleWebKit/605.1.15 (KHTML, like Gecko) Version/16.0 Safari/605.1.15\"","timestamp":"2025-05-07 17:53:57"}
{"ip":"::1","level":"info","message":"Requête entrante","method":"POST","timestamp":"2025-05-07 17:54:00","url":"/api/users/verify-password-otp","userAgent":"Mozilla/5.0 (Macintosh; Intel Mac OS X 10_15_7) AppleWebKit/605.1.15 (KHTML, like Gecko) Version/16.0 Safari/605.1.15"}
{"email":"ayemanagossa@gmail.com","ip":"::1","level":"warn","message":"Échec de vérification du code OTP","providedCode":"668504","reason":"Code OTP invalide ou expiré","timestamp":"2025-05-07 17:54:00","userId":"cmac8hgr10000198dlfw1qsjf"}
{"level":"error","message":"::1 - - [07/May/2025:16:54:00 +0000] \"POST /api/users/verify-password-otp HTTP/1.1\" 400 134 \"http://localhost:5173/\" \"Mozilla/5.0 (Macintosh; Intel Mac OS X 10_15_7) AppleWebKit/605.1.15 (KHTML, like Gecko) Version/16.0 Safari/605.1.15\"","timestamp":"2025-05-07 17:54:00"}
{"ip":"::1","level":"info","message":"Requête entrante","method":"POST","timestamp":"2025-05-07 17:55:19","url":"/api/users/verify-password-otp","userAgent":"Mozilla/5.0 (Macintosh; Intel Mac OS X 10_15_7) AppleWebKit/605.1.15 (KHTML, like Gecko) Version/16.0 Safari/605.1.15"}
{"email":"ayemanagossa@gmail.com","ip":"::1","level":"warn","message":"Échec de vérification du code OTP","providedCode":"668504","reason":"Code OTP invalide ou expiré","timestamp":"2025-05-07 17:55:19","userId":"cmac8hgr10000198dlfw1qsjf"}
{"level":"error","message":"::1 - - [07/May/2025:16:55:19 +0000] \"POST /api/users/verify-password-otp HTTP/1.1\" 400 134 \"http://localhost:5173/\" \"Mozilla/5.0 (Macintosh; Intel Mac OS X 10_15_7) AppleWebKit/605.1.15 (KHTML, like Gecko) Version/16.0 Safari/605.1.15\"","timestamp":"2025-05-07 17:55:19"}
{"ip":"::1","level":"info","message":"Requête entrante","method":"POST","timestamp":"2025-05-07 17:55:20","url":"/api/users/verify-password-otp","userAgent":"Mozilla/5.0 (Macintosh; Intel Mac OS X 10_15_7) AppleWebKit/605.1.15 (KHTML, like Gecko) Version/16.0 Safari/605.1.15"}
{"email":"ayemanagossa@gmail.com","ip":"::1","level":"warn","message":"Échec de vérification du code OTP","providedCode":"668504","reason":"Code OTP invalide ou expiré","timestamp":"2025-05-07 17:55:20","userId":"cmac8hgr10000198dlfw1qsjf"}
{"level":"error","message":"::1 - - [07/May/2025:16:55:20 +0000] \"POST /api/users/verify-password-otp HTTP/1.1\" 400 134 \"http://localhost:5173/\" \"Mozilla/5.0 (Macintosh; Intel Mac OS X 10_15_7) AppleWebKit/605.1.15 (KHTML, like Gecko) Version/16.0 Safari/605.1.15\"","timestamp":"2025-05-07 17:55:20"}
{"ip":"::1","level":"info","message":"Requête entrante","method":"POST","timestamp":"2025-05-07 17:55:35","url":"/api/users/forgot-password","userAgent":"Mozilla/5.0 (Macintosh; Intel Mac OS X 10_15_7) AppleWebKit/605.1.15 (KHTML, like Gecko) Version/16.0 Safari/605.1.15"}
{"code":"581628","level":"info","message":"Code OTP généré pour PASSWORD_RESET","timestamp":"2025-05-07 17:55:35","type":"PASSWORD_RESET","userId":"cmac8hgr10000198dlfw1qsjf"}
{"level":"info","message":"Initialisation du processus d'envoi d'email","timestamp":"2025-05-07 17:55:35"}
{"level":"info","message":"Email envoyé avec succès","messageId":"<0fb568a7-f2e3-bbb0-a348-a220729ed606@gmail.com>","timestamp":"2025-05-07 17:55:38","to":"ayemanagossa@gmail.com"}
{"email":"ayemanagossa@gmail.com","ip":"::1","level":"info","message":"Demande de réinitialisation de mot de passe","timestamp":"2025-05-07 17:55:38","userId":"cmac8hgr10000198dlfw1qsjf"}
{"ip":"::1","level":"info","message":"Requête entrante","method":"POST","timestamp":"2025-05-07 17:56:00","url":"/api/users/verify-password-otp","userAgent":"Mozilla/5.0 (Macintosh; Intel Mac OS X 10_15_7) AppleWebKit/605.1.15 (KHTML, like Gecko) Version/16.0 Safari/605.1.15"}
{"level":"info","message":"Token à usage unique généré avec succès","timestamp":"2025-05-07 17:56:00","userId":{"expiresIn":"15m","purpose":"password_reset","userId":"cmac8hgr10000198dlfw1qsjf"}}
{"level":"info","message":"Code OTP vérifié et marqué comme utilisé","otpId":"cmae6j8xi000319w33fv3ysrh","timestamp":"2025-05-07 17:56:00","type":"PASSWORD_RESET","userId":"cmac8hgr10000198dlfw1qsjf"}
{"email":"ayemanagossa@gmail.com","ip":"::1","level":"info","message":"Code OTP vérifié avec succès pour la réinitialisation de mot de passe","timestamp":"2025-05-07 17:56:00","userId":"cmac8hgr10000198dlfw1qsjf"}
{"ip":"::1","level":"info","message":"Requête entrante","method":"POST","timestamp":"2025-05-07 17:59:17","url":"/api/users/verify-password-otp","userAgent":"Mozilla/5.0 (Macintosh; Intel Mac OS X 10_15_7) AppleWebKit/605.1.15 (KHTML, like Gecko) Version/16.0 Safari/605.1.15"}
{"email":"ayemanagossa@gmail.com","ip":"::1","level":"warn","message":"Échec de vérification du code OTP","providedCode":"581628","reason":"Code OTP invalide ou expiré","timestamp":"2025-05-07 17:59:17","userId":"cmac8hgr10000198dlfw1qsjf"}
{"level":"error","message":"::1 - - [07/May/2025:16:59:17 +0000] \"POST /api/users/verify-password-otp HTTP/1.1\" 400 134 \"http://localhost:5173/\" \"Mozilla/5.0 (Macintosh; Intel Mac OS X 10_15_7) AppleWebKit/605.1.15 (KHTML, like Gecko) Version/16.0 Safari/605.1.15\"","timestamp":"2025-05-07 17:59:17"}
{"ip":"::1","level":"info","message":"Requête entrante","method":"POST","timestamp":"2025-05-07 18:00:33","url":"/api/users/verify-password-otp","userAgent":"Mozilla/5.0 (Macintosh; Intel Mac OS X 10_15_7) AppleWebKit/605.1.15 (KHTML, like Gecko) Version/16.0 Safari/605.1.15"}
{"email":"ayemanagossa@gmail.com","ip":"::1","level":"warn","message":"Échec de vérification du code OTP","providedCode":"581628","reason":"Code OTP invalide ou expiré","timestamp":"2025-05-07 18:00:33","userId":"cmac8hgr10000198dlfw1qsjf"}
{"level":"error","message":"::1 - - [07/May/2025:17:00:33 +0000] \"POST /api/users/verify-password-otp HTTP/1.1\" 400 134 \"http://localhost:5173/\" \"Mozilla/5.0 (Macintosh; Intel Mac OS X 10_15_7) AppleWebKit/605.1.15 (KHTML, like Gecko) Version/16.0 Safari/605.1.15\"","timestamp":"2025-05-07 18:00:33"}
{"ip":"::1","level":"info","message":"Requête entrante","method":"POST","timestamp":"2025-05-07 18:00:40","url":"/api/users/verify-password-otp","userAgent":"Mozilla/5.0 (Macintosh; Intel Mac OS X 10_15_7) AppleWebKit/605.1.15 (KHTML, like Gecko) Version/16.0 Safari/605.1.15"}
{"email":"ayemanagossa@gmail.com","ip":"::1","level":"warn","message":"Échec de vérification du code OTP","providedCode":"581628","reason":"Code OTP invalide ou expiré","timestamp":"2025-05-07 18:00:40","userId":"cmac8hgr10000198dlfw1qsjf"}
{"level":"error","message":"::1 - - [07/May/2025:17:00:40 +0000] \"POST /api/users/verify-password-otp HTTP/1.1\" 400 134 \"http://localhost:5173/\" \"Mozilla/5.0 (Macintosh; Intel Mac OS X 10_15_7) AppleWebKit/605.1.15 (KHTML, like Gecko) Version/16.0 Safari/605.1.15\"","timestamp":"2025-05-07 18:00:40"}
{"ip":"::1","level":"info","message":"Requête entrante","method":"POST","timestamp":"2025-05-07 18:01:12","url":"/api/users/forgot-password","userAgent":"Mozilla/5.0 (Macintosh; Intel Mac OS X 10_15_7) AppleWebKit/605.1.15 (KHTML, like Gecko) Version/16.0 Safari/605.1.15"}
{"code":"395946","level":"info","message":"Code OTP généré pour PASSWORD_RESET","timestamp":"2025-05-07 18:01:12","type":"PASSWORD_RESET","userId":"cmac8hgr10000198dlfw1qsjf"}
{"level":"info","message":"Initialisation du processus d'envoi d'email","timestamp":"2025-05-07 18:01:12"}
{"level":"info","message":"Email envoyé avec succès","messageId":"<e8406194-1a27-1c45-008d-50fd12d0d6ba@gmail.com>","timestamp":"2025-05-07 18:01:15","to":"ayemanagossa@gmail.com"}
{"email":"ayemanagossa@gmail.com","ip":"::1","level":"info","message":"Demande de réinitialisation de mot de passe","timestamp":"2025-05-07 18:01:15","userId":"cmac8hgr10000198dlfw1qsjf"}
{"ip":"::1","level":"info","message":"Requête entrante","method":"POST","timestamp":"2025-05-07 18:01:30","url":"/api/users/verify-password-otp","userAgent":"Mozilla/5.0 (Macintosh; Intel Mac OS X 10_15_7) AppleWebKit/605.1.15 (KHTML, like Gecko) Version/16.0 Safari/605.1.15"}
{"level":"info","message":"Token à usage unique généré avec succès","timestamp":"2025-05-07 18:01:30","userId":{"expiresIn":"15m","purpose":"password_reset","userId":"cmac8hgr10000198dlfw1qsjf"}}
{"level":"info","message":"Code OTP vérifié et marqué comme utilisé","otpId":"cmae6qgpu000519w3yfotxhj1","timestamp":"2025-05-07 18:01:30","type":"PASSWORD_RESET","userId":"cmac8hgr10000198dlfw1qsjf"}
{"email":"ayemanagossa@gmail.com","ip":"::1","level":"info","message":"Code OTP vérifié avec succès pour la réinitialisation de mot de passe","timestamp":"2025-05-07 18:01:30","userId":"cmac8hgr10000198dlfw1qsjf"}
{"ip":"::1","level":"info","message":"Requête entrante","method":"POST","timestamp":"2025-05-07 18:03:21","url":"/api/users/forgot-password","userAgent":"Mozilla/5.0 (Macintosh; Intel Mac OS X 10_15_7) AppleWebKit/605.1.15 (KHTML, like Gecko) Version/16.0 Safari/605.1.15"}
{"code":"871996","level":"info","message":"Code OTP généré pour PASSWORD_RESET","timestamp":"2025-05-07 18:03:21","type":"PASSWORD_RESET","userId":"cmac8hgr10000198dlfw1qsjf"}
{"level":"info","message":"Initialisation du processus d'envoi d'email","timestamp":"2025-05-07 18:03:21"}
{"level":"info","message":"Email envoyé avec succès","messageId":"<e98f9b0e-d389-c4d6-5834-e7a9d9122edd@gmail.com>","timestamp":"2025-05-07 18:03:24","to":"ayemanagossa@gmail.com"}
{"email":"ayemanagossa@gmail.com","ip":"::1","level":"info","message":"Demande de réinitialisation de mot de passe","timestamp":"2025-05-07 18:03:24","userId":"cmac8hgr10000198dlfw1qsjf"}
{"ip":"::1","level":"info","message":"Requête entrante","method":"POST","timestamp":"2025-05-07 18:06:15","url":"/api/users/forgot-password","userAgent":"Mozilla/5.0 (Macintosh; Intel Mac OS X 10_15_7) AppleWebKit/605.1.15 (KHTML, like Gecko) Version/16.0 Safari/605.1.15"}
{"code":"478606","level":"info","message":"Code OTP généré pour PASSWORD_RESET","timestamp":"2025-05-07 18:06:15","type":"PASSWORD_RESET","userId":"cmac8hgr10000198dlfw1qsjf"}
{"level":"info","message":"Initialisation du processus d'envoi d'email","timestamp":"2025-05-07 18:06:15"}
{"level":"info","message":"Email envoyé avec succès","messageId":"<8da7f4b4-b41e-abf8-e719-867be48fa66b@gmail.com>","timestamp":"2025-05-07 18:06:18","to":"ayemanagossa@gmail.com"}
{"email":"ayemanagossa@gmail.com","ip":"::1","level":"info","message":"Demande de réinitialisation de mot de passe","timestamp":"2025-05-07 18:06:18","userId":"cmac8hgr10000198dlfw1qsjf"}
{"ip":"::1","level":"info","message":"Requête entrante","method":"POST","timestamp":"2025-05-07 18:06:38","url":"/api/users/verify-password-otp","userAgent":"Mozilla/5.0 (Macintosh; Intel Mac OS X 10_15_7) AppleWebKit/605.1.15 (KHTML, like Gecko) Version/16.0 Safari/605.1.15"}
{"level":"info","message":"Token à usage unique généré avec succès","timestamp":"2025-05-07 18:06:38","userId":{"expiresIn":"15m","purpose":"password_reset","userId":"cmac8hgr10000198dlfw1qsjf"}}
{"level":"info","message":"Code OTP vérifié et marqué comme utilisé","otpId":"cmae6wyze000919w3cv7tgss4","timestamp":"2025-05-07 18:06:38","type":"PASSWORD_RESET","userId":"cmac8hgr10000198dlfw1qsjf"}
{"email":"ayemanagossa@gmail.com","ip":"::1","level":"info","message":"Code OTP vérifié avec succès pour la réinitialisation de mot de passe","timestamp":"2025-05-07 18:06:38","userId":"cmac8hgr10000198dlfw1qsjf"}
{"ip":"::1","level":"info","message":"Requête entrante","method":"POST","timestamp":"2025-05-07 18:07:14","url":"/api/users/reset-password","userAgent":"Mozilla/5.0 (Macintosh; Intel Mac OS X 10_15_7) AppleWebKit/605.1.15 (KHTML, like Gecko) Version/16.0 Safari/605.1.15"}
{"error":"token is not a v3.local PASETO","level":"error","message":"Erreur lors de la vérification du token PASETO","stack":"PasetoInvalid: token is not a v3.local PASETO\n    at pre (/Volumes/Untitled/MonAppEcommerce/back-end/node_modules/paseto/lib/help/consume.js:14:11)\n    at Object.v3Decrypt [as decrypt] (/Volumes/Untitled/MonAppEcommerce/back-end/node_modules/paseto/lib/v3/decrypt.js:13:22)\n    at verifyToken (file:///Volumes/Untitled/MonAppEcommerce/back-end/src/utils/paseto.js:234:30)\n    at resetPassword (file:///Volumes/Untitled/MonAppEcommerce/back-end/src/controllers/auth/passwordController.js:180:23)\n    at Layer.handle [as handle_request] (/Volumes/Untitled/MonAppEcommerce/back-end/node_modules/express/lib/router/layer.js:95:5)\n    at next (/Volumes/Untitled/MonAppEcommerce/back-end/node_modules/express/lib/router/route.js:149:13)\n    at Route.dispatch (/Volumes/Untitled/MonAppEcommerce/back-end/node_modules/express/lib/router/route.js:119:3)\n    at Layer.handle [as handle_request] (/Volumes/Untitled/MonAppEcommerce/back-end/node_modules/express/lib/router/layer.js:95:5)\n    at /Volumes/Untitled/MonAppEcommerce/back-end/node_modules/express/lib/router/index.js:284:15\n    at Function.process_params (/Volumes/Untitled/MonAppEcommerce/back-end/node_modules/express/lib/router/index.js:346:12)","timestamp":"2025-05-07 18:07:14"}
{"error":"Token PASETO invalide ou expiré","ip":"::1","level":"warn","message":"Tentative de réinitialisation avec un token invalide","timestamp":"2025-05-07 18:07:14"}
{"level":"error","message":"::1 - - [07/May/2025:17:07:14 +0000] \"POST /api/users/reset-password HTTP/1.1\" 401 108 \"http://localhost:5173/\" \"Mozilla/5.0 (Macintosh; Intel Mac OS X 10_15_7) AppleWebKit/605.1.15 (KHTML, like Gecko) Version/16.0 Safari/605.1.15\"","timestamp":"2025-05-07 18:07:14"}
{"ip":"::1","level":"info","message":"Requête entrante","method":"POST","timestamp":"2025-05-07 18:11:49","url":"/api/users/reset-password","userAgent":"Mozilla/5.0 (Macintosh; Intel Mac OS X 10_15_7) AppleWebKit/537.36 (KHTML, like Gecko) Chrome/135.0.0.0 Safari/537.36"}
{"error":"token is not a v3.local PASETO","level":"error","message":"Erreur lors de la vérification du token PASETO","stack":"PasetoInvalid: token is not a v3.local PASETO\n    at pre (/Volumes/Untitled/MonAppEcommerce/back-end/node_modules/paseto/lib/help/consume.js:14:11)\n    at Object.v3Decrypt [as decrypt] (/Volumes/Untitled/MonAppEcommerce/back-end/node_modules/paseto/lib/v3/decrypt.js:13:22)\n    at verifyToken (file:///Volumes/Untitled/MonAppEcommerce/back-end/src/utils/paseto.js:234:30)\n    at resetPassword (file:///Volumes/Untitled/MonAppEcommerce/back-end/src/controllers/auth/passwordController.js:180:23)\n    at Layer.handle [as handle_request] (/Volumes/Untitled/MonAppEcommerce/back-end/node_modules/express/lib/router/layer.js:95:5)\n    at next (/Volumes/Untitled/MonAppEcommerce/back-end/node_modules/express/lib/router/route.js:149:13)\n    at Route.dispatch (/Volumes/Untitled/MonAppEcommerce/back-end/node_modules/express/lib/router/route.js:119:3)\n    at Layer.handle [as handle_request] (/Volumes/Untitled/MonAppEcommerce/back-end/node_modules/express/lib/router/layer.js:95:5)\n    at /Volumes/Untitled/MonAppEcommerce/back-end/node_modules/express/lib/router/index.js:284:15\n    at Function.process_params (/Volumes/Untitled/MonAppEcommerce/back-end/node_modules/express/lib/router/index.js:346:12)","timestamp":"2025-05-07 18:11:49"}
{"error":"Token PASETO invalide ou expiré","ip":"::1","level":"warn","message":"Tentative de réinitialisation avec un token invalide","timestamp":"2025-05-07 18:11:49"}
{"level":"error","message":"::1 - - [07/May/2025:17:11:49 +0000] \"POST /api/users/reset-password HTTP/1.1\" 401 108 \"http://localhost:5173/\" \"Mozilla/5.0 (Macintosh; Intel Mac OS X 10_15_7) AppleWebKit/537.36 (KHTML, like Gecko) Chrome/135.0.0.0 Safari/537.36\"","timestamp":"2025-05-07 18:11:49"}
{"ip":"::1","level":"info","message":"Requête entrante","method":"POST","timestamp":"2025-05-07 18:12:16","url":"/api/users/forgot-password","userAgent":"Mozilla/5.0 (Macintosh; Intel Mac OS X 10_15_7) AppleWebKit/605.1.15 (KHTML, like Gecko) Version/16.0 Safari/605.1.15"}
{"code":"193207","level":"info","message":"Code OTP généré pour PASSWORD_RESET","timestamp":"2025-05-07 18:12:16","type":"PASSWORD_RESET","userId":"cmac8hgr10000198dlfw1qsjf"}
{"level":"info","message":"Initialisation du processus d'envoi d'email","timestamp":"2025-05-07 18:12:16"}
{"level":"info","message":"Email envoyé avec succès","messageId":"<28ca39bc-0c74-36a2-dc6a-784b9f3f1b0b@gmail.com>","timestamp":"2025-05-07 18:12:19","to":"ayemanagossa@gmail.com"}
{"email":"ayemanagossa@gmail.com","ip":"::1","level":"info","message":"Demande de réinitialisation de mot de passe","timestamp":"2025-05-07 18:12:19","userId":"cmac8hgr10000198dlfw1qsjf"}
{"ip":"::1","level":"info","message":"Requête entrante","method":"POST","timestamp":"2025-05-07 18:12:43","url":"/api/users/verify-password-otp","userAgent":"Mozilla/5.0 (Macintosh; Intel Mac OS X 10_15_7) AppleWebKit/605.1.15 (KHTML, like Gecko) Version/16.0 Safari/605.1.15"}
{"level":"info","message":"Token à usage unique généré avec succès","timestamp":"2025-05-07 18:12:43","userId":{"expiresIn":"15m","purpose":"password_reset","userId":"cmac8hgr10000198dlfw1qsjf"}}
{"level":"info","message":"Code OTP vérifié et marqué comme utilisé","otpId":"cmae74p8r000b19w3luf0qgiw","timestamp":"2025-05-07 18:12:43","type":"PASSWORD_RESET","userId":"cmac8hgr10000198dlfw1qsjf"}
{"email":"ayemanagossa@gmail.com","ip":"::1","level":"info","message":"Code OTP vérifié avec succès pour la réinitialisation de mot de passe","timestamp":"2025-05-07 18:12:43","userId":"cmac8hgr10000198dlfw1qsjf"}
{"ip":"::1","level":"info","message":"Requête entrante","method":"POST","timestamp":"2025-05-07 18:12:50","url":"/api/users/reset-password","userAgent":"Mozilla/5.0 (Macintosh; Intel Mac OS X 10_15_7) AppleWebKit/605.1.15 (KHTML, like Gecko) Version/16.0 Safari/605.1.15"}
{"error":"token is not a v3.local PASETO","level":"error","message":"Erreur lors de la vérification du token PASETO","stack":"PasetoInvalid: token is not a v3.local PASETO\n    at pre (/Volumes/Untitled/MonAppEcommerce/back-end/node_modules/paseto/lib/help/consume.js:14:11)\n    at Object.v3Decrypt [as decrypt] (/Volumes/Untitled/MonAppEcommerce/back-end/node_modules/paseto/lib/v3/decrypt.js:13:22)\n    at verifyToken (file:///Volumes/Untitled/MonAppEcommerce/back-end/src/utils/paseto.js:234:30)\n    at resetPassword (file:///Volumes/Untitled/MonAppEcommerce/back-end/src/controllers/auth/passwordController.js:180:23)\n    at Layer.handle [as handle_request] (/Volumes/Untitled/MonAppEcommerce/back-end/node_modules/express/lib/router/layer.js:95:5)\n    at next (/Volumes/Untitled/MonAppEcommerce/back-end/node_modules/express/lib/router/route.js:149:13)\n    at Route.dispatch (/Volumes/Untitled/MonAppEcommerce/back-end/node_modules/express/lib/router/route.js:119:3)\n    at Layer.handle [as handle_request] (/Volumes/Untitled/MonAppEcommerce/back-end/node_modules/express/lib/router/layer.js:95:5)\n    at /Volumes/Untitled/MonAppEcommerce/back-end/node_modules/express/lib/router/index.js:284:15\n    at Function.process_params (/Volumes/Untitled/MonAppEcommerce/back-end/node_modules/express/lib/router/index.js:346:12)","timestamp":"2025-05-07 18:12:50"}
{"error":"Token PASETO invalide ou expiré","ip":"::1","level":"warn","message":"Tentative de réinitialisation avec un token invalide","timestamp":"2025-05-07 18:12:50"}
{"level":"error","message":"::1 - - [07/May/2025:17:12:50 +0000] \"POST /api/users/reset-password HTTP/1.1\" 401 108 \"http://localhost:5173/\" \"Mozilla/5.0 (Macintosh; Intel Mac OS X 10_15_7) AppleWebKit/605.1.15 (KHTML, like Gecko) Version/16.0 Safari/605.1.15\"","timestamp":"2025-05-07 18:12:50"}
{"ip":"::1","level":"info","message":"Requête entrante","method":"POST","timestamp":"2025-05-07 18:20:35","url":"/api/users/reset-password","userAgent":"Mozilla/5.0 (Macintosh; Intel Mac OS X 10_15_7) AppleWebKit/605.1.15 (KHTML, like Gecko) Version/16.0 Safari/605.1.15"}
{"error":"token is not a v3.local PASETO","level":"error","message":"Erreur lors de la vérification du token PASETO","stack":"PasetoInvalid: token is not a v3.local PASETO\n    at pre (/Volumes/Untitled/MonAppEcommerce/back-end/node_modules/paseto/lib/help/consume.js:14:11)\n    at Object.v3Decrypt [as decrypt] (/Volumes/Untitled/MonAppEcommerce/back-end/node_modules/paseto/lib/v3/decrypt.js:13:22)\n    at verifyToken (file:///Volumes/Untitled/MonAppEcommerce/back-end/src/utils/paseto.js:234:30)\n    at file:///Volumes/Untitled/MonAppEcommerce/back-end/index.js:112:27\n    at Layer.handle [as handle_request] (/Volumes/Untitled/MonAppEcommerce/back-end/node_modules/express/lib/router/layer.js:95:5)\n    at trim_prefix (/Volumes/Untitled/MonAppEcommerce/back-end/node_modules/express/lib/router/index.js:328:13)\n    at /Volumes/Untitled/MonAppEcommerce/back-end/node_modules/express/lib/router/index.js:286:9\n    at Function.process_params (/Volumes/Untitled/MonAppEcommerce/back-end/node_modules/express/lib/router/index.js:346:12)\n    at next (/Volumes/Untitled/MonAppEcommerce/back-end/node_modules/express/lib/router/index.js:280:10)\n    at file:///Volumes/Untitled/MonAppEcommerce/back-end/index.js:93:3","timestamp":"2025-05-07 18:20:35"}
{"error":"Token PASETO invalide ou expiré","ip":"::1","level":"warn","message":"Erreur d'authentification","timestamp":"2025-05-07 18:20:35"}
{"error":[{"context":{"key":"confirmPassword","label":"confirmPassword"},"message":"La confirmation du mot de passe est requise","path":["confirmPassword"],"type":"any.required"},{"context":{"key":"token","label":"token"},"message":"Le token est requis","path":["token"],"type":"any.required"}],"ip":"::1","level":"warn","message":"Tentative de réinitialisation avec des données invalides","timestamp":"2025-05-07 18:20:35"}
{"level":"error","message":"::1 - - [07/May/2025:17:20:35 +0000] \"POST /api/users/reset-password HTTP/1.1\" 400 127 \"http://localhost:5173/\" \"Mozilla/5.0 (Macintosh; Intel Mac OS X 10_15_7) AppleWebKit/605.1.15 (KHTML, like Gecko) Version/16.0 Safari/605.1.15\"","timestamp":"2025-05-07 18:20:35"}
{"ip":"::1","level":"info","message":"Requête entrante","method":"POST","timestamp":"2025-05-07 18:20:46","url":"/api/users/forgot-password","userAgent":"Mozilla/5.0 (Macintosh; Intel Mac OS X 10_15_7) AppleWebKit/605.1.15 (KHTML, like Gecko) Version/16.0 Safari/605.1.15"}
{"code":"527717","level":"info","message":"Code OTP généré pour PASSWORD_RESET","timestamp":"2025-05-07 18:20:46","type":"PASSWORD_RESET","userId":"cmac8hgr10000198dlfw1qsjf"}
{"level":"info","message":"Initialisation du processus d'envoi d'email","timestamp":"2025-05-07 18:20:46"}
{"level":"info","message":"Email envoyé avec succès","messageId":"<b01bca01-265c-dd16-d4ba-9348e14224ee@gmail.com>","timestamp":"2025-05-07 18:20:50","to":"ayemanagossa@gmail.com"}
{"email":"ayemanagossa@gmail.com","ip":"::1","level":"info","message":"Demande de réinitialisation de mot de passe","timestamp":"2025-05-07 18:20:50","userId":"cmac8hgr10000198dlfw1qsjf"}
{"ip":"::1","level":"info","message":"Requête entrante","method":"POST","timestamp":"2025-05-07 18:21:18","url":"/api/users/verify-password-otp","userAgent":"Mozilla/5.0 (Macintosh; Intel Mac OS X 10_15_7) AppleWebKit/605.1.15 (KHTML, like Gecko) Version/16.0 Safari/605.1.15"}
{"level":"info","message":"Token à usage unique généré avec succès","timestamp":"2025-05-07 18:21:18","userId":{"expiresIn":"15m","purpose":"password_reset","userId":"cmac8hgr10000198dlfw1qsjf"}}
{"level":"info","message":"Code OTP vérifié et marqué comme utilisé","otpId":"cmae7fmrc000d19w3jmftqai2","timestamp":"2025-05-07 18:21:18","type":"PASSWORD_RESET","userId":"cmac8hgr10000198dlfw1qsjf"}
{"email":"ayemanagossa@gmail.com","ip":"::1","level":"info","message":"Code OTP vérifié avec succès pour la réinitialisation de mot de passe","timestamp":"2025-05-07 18:21:18","userId":"cmac8hgr10000198dlfw1qsjf"}
{"ip":"::1","level":"info","message":"Requête entrante","method":"POST","timestamp":"2025-05-07 18:21:41","url":"/api/users/reset-password","userAgent":"Mozilla/5.0 (Macintosh; Intel Mac OS X 10_15_7) AppleWebKit/605.1.15 (KHTML, like Gecko) Version/16.0 Safari/605.1.15"}
{"error":"token is not a v3.local PASETO","level":"error","message":"Erreur lors de la vérification du token PASETO","stack":"PasetoInvalid: token is not a v3.local PASETO\n    at pre (/Volumes/Untitled/MonAppEcommerce/back-end/node_modules/paseto/lib/help/consume.js:14:11)\n    at Object.v3Decrypt [as decrypt] (/Volumes/Untitled/MonAppEcommerce/back-end/node_modules/paseto/lib/v3/decrypt.js:13:22)\n    at verifyToken (file:///Volumes/Untitled/MonAppEcommerce/back-end/src/utils/paseto.js:234:30)\n    at file:///Volumes/Untitled/MonAppEcommerce/back-end/index.js:112:27\n    at Layer.handle [as handle_request] (/Volumes/Untitled/MonAppEcommerce/back-end/node_modules/express/lib/router/layer.js:95:5)\n    at trim_prefix (/Volumes/Untitled/MonAppEcommerce/back-end/node_modules/express/lib/router/index.js:328:13)\n    at /Volumes/Untitled/MonAppEcommerce/back-end/node_modules/express/lib/router/index.js:286:9\n    at Function.process_params (/Volumes/Untitled/MonAppEcommerce/back-end/node_modules/express/lib/router/index.js:346:12)\n    at next (/Volumes/Untitled/MonAppEcommerce/back-end/node_modules/express/lib/router/index.js:280:10)\n    at file:///Volumes/Untitled/MonAppEcommerce/back-end/index.js:93:3","timestamp":"2025-05-07 18:21:41"}
{"error":"Token PASETO invalide ou expiré","ip":"::1","level":"warn","message":"Erreur d'authentification","timestamp":"2025-05-07 18:21:41"}
{"error":[{"context":{"key":"confirmPassword","label":"confirmPassword"},"message":"La confirmation du mot de passe est requise","path":["confirmPassword"],"type":"any.required"},{"context":{"key":"token","label":"token"},"message":"Le token est requis","path":["token"],"type":"any.required"}],"ip":"::1","level":"warn","message":"Tentative de réinitialisation avec des données invalides","timestamp":"2025-05-07 18:21:41"}
{"level":"error","message":"::1 - - [07/May/2025:17:21:41 +0000] \"POST /api/users/reset-password HTTP/1.1\" 400 127 \"http://localhost:5173/\" \"Mozilla/5.0 (Macintosh; Intel Mac OS X 10_15_7) AppleWebKit/605.1.15 (KHTML, like Gecko) Version/16.0 Safari/605.1.15\"","timestamp":"2025-05-07 18:21:41"}
{"level":"info","message":"Clé PASETO chargée depuis le fichier","path":"/Volumes/Untitled/MonAppEcommerce/paseto_local_key","timestamp":"2025-05-07 18:34:21"}
{"level":"info","message":"Prisma Info Starting a postgresql pool with 21 connections.","target":"quaint::pooled","timestamp":"2025-05-07 18:34:21"}
{"level":"info","message":"Successfully connected to the database","timestamp":"2025-05-07 18:34:21"}
{"level":"info","message":"🚀 Serveur démarré sur http://localhost:4000","timestamp":"2025-05-07 18:34:21"}
{"ip":"::1","level":"info","message":"Requête entrante","method":"POST","timestamp":"2025-05-07 18:34:31","url":"/api/users/reset-password","userAgent":"Mozilla/5.0 (Macintosh; Intel Mac OS X 10_15_7) AppleWebKit/605.1.15 (KHTML, like Gecko) Version/16.0 Safari/605.1.15"}
{"error":"Format de token PASETO invalide","level":"error","message":"Erreur lors de la vérification du token PASETO","stack":"Error: Format de token PASETO invalide\n    at verifyToken (file:///Volumes/Untitled/MonAppEcommerce/back-end/src/utils/paseto.js:217:13)\n    at file:///Volumes/Untitled/MonAppEcommerce/back-end/index.js:112:27\n    at Layer.handle [as handle_request] (/Volumes/Untitled/MonAppEcommerce/back-end/node_modules/express/lib/router/layer.js:95:5)\n    at trim_prefix (/Volumes/Untitled/MonAppEcommerce/back-end/node_modules/express/lib/router/index.js:328:13)\n    at /Volumes/Untitled/MonAppEcommerce/back-end/node_modules/express/lib/router/index.js:286:9\n    at Function.process_params (/Volumes/Untitled/MonAppEcommerce/back-end/node_modules/express/lib/router/index.js:346:12)\n    at next (/Volumes/Untitled/MonAppEcommerce/back-end/node_modules/express/lib/router/index.js:280:10)\n    at file:///Volumes/Untitled/MonAppEcommerce/back-end/index.js:93:3\n    at Layer.handle [as handle_request] (/Volumes/Untitled/MonAppEcommerce/back-end/node_modules/express/lib/router/layer.js:95:5)\n    at trim_prefix (/Volumes/Untitled/MonAppEcommerce/back-end/node_modules/express/lib/router/index.js:328:13)","timestamp":"2025-05-07 18:34:31"}
{"error":"Token PASETO invalide ou expiré","ip":"::1","level":"warn","message":"Erreur d'authentification","timestamp":"2025-05-07 18:34:31"}
{"error":[{"context":{"key":"confirmPassword","label":"confirmPassword"},"message":"La confirmation du mot de passe est requise","path":["confirmPassword"],"type":"any.required"},{"context":{"key":"token","label":"token"},"message":"Le token est requis","path":["token"],"type":"any.required"}],"ip":"::1","level":"warn","message":"Tentative de réinitialisation avec des données invalides","timestamp":"2025-05-07 18:34:31"}
{"level":"error","message":"::1 - - [07/May/2025:17:34:31 +0000] \"POST /api/users/reset-password HTTP/1.1\" 400 127 \"http://localhost:5173/\" \"Mozilla/5.0 (Macintosh; Intel Mac OS X 10_15_7) AppleWebKit/605.1.15 (KHTML, like Gecko) Version/16.0 Safari/605.1.15\"","timestamp":"2025-05-07 18:34:31"}
{"level":"info","message":"Clé PASETO chargée depuis le fichier","path":"/Volumes/Untitled/MonAppEcommerce/paseto_local_key","timestamp":"2025-05-07 18:39:27"}
{"level":"info","message":"Prisma Info Starting a postgresql pool with 21 connections.","target":"quaint::pooled","timestamp":"2025-05-07 18:39:27"}
{"level":"info","message":"Successfully connected to the database","timestamp":"2025-05-07 18:39:27"}
{"level":"info","message":"🚀 Serveur démarré sur http://localhost:4000","timestamp":"2025-05-07 18:39:27"}
{"ip":"::1","level":"info","message":"Requête entrante","method":"POST","timestamp":"2025-05-07 18:39:52","url":"/api/users/reset-password","userAgent":"Mozilla/5.0 (Macintosh; Intel Mac OS X 10_15_7) AppleWebKit/605.1.15 (KHTML, like Gecko) Version/16.0 Safari/605.1.15"}
{"error":"Format de token PASETO invalide","level":"error","message":"Erreur lors de la vérification du token PASETO","stack":"Error: Format de token PASETO invalide\n    at verifyToken (file:///Volumes/Untitled/MonAppEcommerce/back-end/src/utils/paseto.js:217:13)\n    at file:///Volumes/Untitled/MonAppEcommerce/back-end/index.js:112:27\n    at Layer.handle [as handle_request] (/Volumes/Untitled/MonAppEcommerce/back-end/node_modules/express/lib/router/layer.js:95:5)\n    at trim_prefix (/Volumes/Untitled/MonAppEcommerce/back-end/node_modules/express/lib/router/index.js:328:13)\n    at /Volumes/Untitled/MonAppEcommerce/back-end/node_modules/express/lib/router/index.js:286:9\n    at Function.process_params (/Volumes/Untitled/MonAppEcommerce/back-end/node_modules/express/lib/router/index.js:346:12)\n    at next (/Volumes/Untitled/MonAppEcommerce/back-end/node_modules/express/lib/router/index.js:280:10)\n    at file:///Volumes/Untitled/MonAppEcommerce/back-end/index.js:93:3\n    at Layer.handle [as handle_request] (/Volumes/Untitled/MonAppEcommerce/back-end/node_modules/express/lib/router/layer.js:95:5)\n    at trim_prefix (/Volumes/Untitled/MonAppEcommerce/back-end/node_modules/express/lib/router/index.js:328:13)","timestamp":"2025-05-07 18:39:52"}
{"error":"Token PASETO invalide ou expiré","ip":"::1","level":"warn","message":"Erreur d'authentification","timestamp":"2025-05-07 18:39:52"}
{"hasConfirmPassword":false,"hasPassword":true,"hasToken":false,"ip":"::1","level":"info","message":"Tentative de réinitialisation de mot de passe","timestamp":"2025-05-07 18:39:52","tokenLength":0}
{"error":[{"context":{"key":"confirmPassword","label":"confirmPassword"},"message":"La confirmation du mot de passe est requise","path":["confirmPassword"],"type":"any.required"},{"context":{"key":"token","label":"token"},"message":"Le token est requis","path":["token"],"type":"any.required"}],"ip":"::1","level":"warn","message":"Tentative de réinitialisation avec des données invalides","timestamp":"2025-05-07 18:39:52"}
{"level":"error","message":"::1 - - [07/May/2025:17:39:52 +0000] \"POST /api/users/reset-password HTTP/1.1\" 400 127 \"http://localhost:5173/\" \"Mozilla/5.0 (Macintosh; Intel Mac OS X 10_15_7) AppleWebKit/605.1.15 (KHTML, like Gecko) Version/16.0 Safari/605.1.15\"","timestamp":"2025-05-07 18:39:52"}
{"level":"info","message":"Clé PASETO chargée depuis le fichier","path":"/Volumes/Untitled/MonAppEcommerce/paseto_local_key","timestamp":"2025-05-07 18:42:14"}
{"level":"info","message":"Prisma Info Starting a postgresql pool with 21 connections.","target":"quaint::pooled","timestamp":"2025-05-07 18:42:14"}
{"level":"info","message":"Successfully connected to the database","timestamp":"2025-05-07 18:42:14"}
{"level":"info","message":"🚀 Serveur démarré sur http://localhost:4000","timestamp":"2025-05-07 18:42:14"}
{"level":"info","message":"Clé PASETO chargée depuis le fichier","path":"/Volumes/Untitled/MonAppEcommerce/paseto_local_key","timestamp":"2025-05-07 18:44:12"}
{"level":"info","message":"Prisma Info Starting a postgresql pool with 21 connections.","target":"quaint::pooled","timestamp":"2025-05-07 18:44:12"}
{"level":"info","message":"Successfully connected to the database","timestamp":"2025-05-07 18:44:12"}
{"level":"info","message":"🚀 Serveur démarré sur http://localhost:4000","timestamp":"2025-05-07 18:44:12"}
{"level":"info","message":"Clé PASETO chargée depuis le fichier","path":"/Volumes/Untitled/MonAppEcommerce/paseto_local_key","timestamp":"2025-05-07 18:47:45"}
{"level":"info","message":"Prisma Info Starting a postgresql pool with 21 connections.","target":"quaint::pooled","timestamp":"2025-05-07 18:47:45"}
{"level":"info","message":"Successfully connected to the database","timestamp":"2025-05-07 18:47:45"}
{"level":"info","message":"🚀 Serveur démarré sur http://localhost:4000","timestamp":"2025-05-07 18:47:45"}
{"ip":"::1","level":"info","message":"Requête entrante","method":"POST","timestamp":"2025-05-07 18:47:53","url":"/api/users/reset-password","userAgent":"Mozilla/5.0 (Macintosh; Intel Mac OS X 10_15_7) AppleWebKit/605.1.15 (KHTML, like Gecko) Version/16.0 Safari/605.1.15"}
{"error":"Format de token PASETO invalide","level":"error","message":"Erreur lors de la vérification du token PASETO","stack":"Error: Format de token PASETO invalide\n    at verifyToken (file:///Volumes/Untitled/MonAppEcommerce/back-end/src/utils/paseto.js:175:13)\n    at file:///Volumes/Untitled/MonAppEcommerce/back-end/index.js:112:27\n    at Layer.handle [as handle_request] (/Volumes/Untitled/MonAppEcommerce/back-end/node_modules/express/lib/router/layer.js:95:5)\n    at trim_prefix (/Volumes/Untitled/MonAppEcommerce/back-end/node_modules/express/lib/router/index.js:328:13)\n    at /Volumes/Untitled/MonAppEcommerce/back-end/node_modules/express/lib/router/index.js:286:9\n    at Function.process_params (/Volumes/Untitled/MonAppEcommerce/back-end/node_modules/express/lib/router/index.js:346:12)\n    at next (/Volumes/Untitled/MonAppEcommerce/back-end/node_modules/express/lib/router/index.js:280:10)\n    at file:///Volumes/Untitled/MonAppEcommerce/back-end/index.js:93:3\n    at Layer.handle [as handle_request] (/Volumes/Untitled/MonAppEcommerce/back-end/node_modules/express/lib/router/layer.js:95:5)\n    at trim_prefix (/Volumes/Untitled/MonAppEcommerce/back-end/node_modules/express/lib/router/index.js:328:13)","timestamp":"2025-05-07 18:47:53","tokenLength":596,"tokenPrefix":"MEhma0oxWG"}
{"error":"Format de token PASETO invalide","ip":"::1","level":"warn","message":"Erreur d'authentification","timestamp":"2025-05-07 18:47:53"}
{"body":"{\"password\":\"Martine@2030\"}","hasConfirmPassword":false,"hasPassword":true,"hasToken":false,"ip":"::1","level":"info","message":"Tentative de réinitialisation de mot de passe","timestamp":"2025-05-07 18:47:53","tokenLength":0,"tokenValue":"absent"}
{"error":[{"context":{"key":"confirmPassword","label":"confirmPassword"},"message":"La confirmation du mot de passe est requise","path":["confirmPassword"],"type":"any.required"},{"context":{"key":"token","label":"token"},"message":"Le token est requis","path":["token"],"type":"any.required"}],"ip":"::1","level":"warn","message":"Tentative de réinitialisation avec des données invalides","timestamp":"2025-05-07 18:47:53"}
{"level":"error","message":"::1 - - [07/May/2025:17:47:53 +0000] \"POST /api/users/reset-password HTTP/1.1\" 400 127 \"http://localhost:5173/\" \"Mozilla/5.0 (Macintosh; Intel Mac OS X 10_15_7) AppleWebKit/605.1.15 (KHTML, like Gecko) Version/16.0 Safari/605.1.15\"","timestamp":"2025-05-07 18:47:53"}
{"level":"info","message":"Disconnected from the database due to application termination","timestamp":"2025-05-07 18:48:16"}
{"level":"info","message":"Clé PASETO chargée depuis le fichier","path":"/Volumes/Untitled/MonAppEcommerce/paseto_local_key","timestamp":"2025-05-07 18:48:19"}
{"level":"info","message":"Prisma Info Starting a postgresql pool with 21 connections.","target":"quaint::pooled","timestamp":"2025-05-07 18:48:19"}
{"level":"info","message":"Successfully connected to the database","timestamp":"2025-05-07 18:48:19"}
{"level":"info","message":"🚀 Serveur démarré sur http://localhost:4000","timestamp":"2025-05-07 18:48:19"}
{"ip":"::1","level":"info","message":"Requête entrante","method":"POST","timestamp":"2025-05-07 18:48:22","url":"/api/users/reset-password","userAgent":"Mozilla/5.0 (Macintosh; Intel Mac OS X 10_15_7) AppleWebKit/605.1.15 (KHTML, like Gecko) Version/16.0 Safari/605.1.15"}
{"error":"Format de token PASETO invalide","level":"error","message":"Erreur lors de la vérification du token PASETO","stack":"Error: Format de token PASETO invalide\n    at verifyToken (file:///Volumes/Untitled/MonAppEcommerce/back-end/src/utils/paseto.js:175:13)\n    at file:///Volumes/Untitled/MonAppEcommerce/back-end/index.js:112:27\n    at Layer.handle [as handle_request] (/Volumes/Untitled/MonAppEcommerce/back-end/node_modules/express/lib/router/layer.js:95:5)\n    at trim_prefix (/Volumes/Untitled/MonAppEcommerce/back-end/node_modules/express/lib/router/index.js:328:13)\n    at /Volumes/Untitled/MonAppEcommerce/back-end/node_modules/express/lib/router/index.js:286:9\n    at Function.process_params (/Volumes/Untitled/MonAppEcommerce/back-end/node_modules/express/lib/router/index.js:346:12)\n    at next (/Volumes/Untitled/MonAppEcommerce/back-end/node_modules/express/lib/router/index.js:280:10)\n    at file:///Volumes/Untitled/MonAppEcommerce/back-end/index.js:93:3\n    at Layer.handle [as handle_request] (/Volumes/Untitled/MonAppEcommerce/back-end/node_modules/express/lib/router/layer.js:95:5)\n    at trim_prefix (/Volumes/Untitled/MonAppEcommerce/back-end/node_modules/express/lib/router/index.js:328:13)","timestamp":"2025-05-07 18:48:22","tokenLength":596,"tokenPrefix":"MEhma0oxWG"}
{"error":"Format de token PASETO invalide","ip":"::1","level":"warn","message":"Erreur d'authentification","timestamp":"2025-05-07 18:48:22"}
{"body":"{\"password\":\"Martine@2030\"}","hasConfirmPassword":false,"hasPassword":true,"hasToken":false,"ip":"::1","level":"info","message":"Tentative de réinitialisation de mot de passe","timestamp":"2025-05-07 18:48:22","tokenLength":0,"tokenValue":"absent"}
{"error":[{"context":{"key":"confirmPassword","label":"confirmPassword"},"message":"La confirmation du mot de passe est requise","path":["confirmPassword"],"type":"any.required"},{"context":{"key":"token","label":"token"},"message":"Le token est requis","path":["token"],"type":"any.required"}],"ip":"::1","level":"warn","message":"Tentative de réinitialisation avec des données invalides","timestamp":"2025-05-07 18:48:22"}
{"level":"error","message":"::1 - - [07/May/2025:17:48:22 +0000] \"POST /api/users/reset-password HTTP/1.1\" 400 127 \"http://localhost:5173/\" \"Mozilla/5.0 (Macintosh; Intel Mac OS X 10_15_7) AppleWebKit/605.1.15 (KHTML, like Gecko) Version/16.0 Safari/605.1.15\"","timestamp":"2025-05-07 18:48:22"}
{"ip":"::1","level":"info","message":"Requête entrante","method":"POST","timestamp":"2025-05-07 18:49:24","url":"/api/users/forgot-password","userAgent":"Mozilla/5.0 (Macintosh; Intel Mac OS X 10_15_7) AppleWebKit/605.1.15 (KHTML, like Gecko) Version/16.0 Safari/605.1.15"}
{"code":"197878","level":"info","message":"Code OTP généré pour PASSWORD_RESET","timestamp":"2025-05-07 18:49:24","type":"PASSWORD_RESET","userId":"cmac8hgr10000198dlfw1qsjf"}
{"level":"info","message":"Initialisation du processus d'envoi d'email","timestamp":"2025-05-07 18:49:24"}
{"level":"info","message":"Email envoyé avec succès","messageId":"<00bdf131-65a1-aacd-b05f-84d64df7fe49@gmail.com>","timestamp":"2025-05-07 18:49:26","to":"ayemanagossa@gmail.com"}
{"email":"ayemanagossa@gmail.com","ip":"::1","level":"info","message":"Demande de réinitialisation de mot de passe","timestamp":"2025-05-07 18:49:26","userId":"cmac8hgr10000198dlfw1qsjf"}
{"ip":"::1","level":"info","message":"Requête entrante","method":"POST","timestamp":"2025-05-07 18:49:43","url":"/api/users/verify-password-otp","userAgent":"Mozilla/5.0 (Macintosh; Intel Mac OS X 10_15_7) AppleWebKit/605.1.15 (KHTML, like Gecko) Version/16.0 Safari/605.1.15"}
{"error":"V4.encrypt is not a function","level":"error","message":"Erreur lors de la génération du token à usage unique","stack":"TypeError: V4.encrypt is not a function\n    at generateOneTimeToken (file:///Volumes/Untitled/MonAppEcommerce/back-end/src/utils/paseto.js:156:28)\n    at verifyPasswordResetOTP (file:///Volumes/Untitled/MonAppEcommerce/back-end/src/controllers/auth/passwordController.js:280:30)","timestamp":"2025-05-07 18:49:43","userId":{"expiresIn":"15m","purpose":"password_reset","userId":"cmac8hgr10000198dlfw1qsjf"}}
{"error":"V4.encrypt is not a function","ip":"::1","level":"error","message":"Erreur lors de la vérification du code OTP","stack":"TypeError: V4.encrypt is not a function\n    at generateOneTimeToken (file:///Volumes/Untitled/MonAppEcommerce/back-end/src/utils/paseto.js:156:28)\n    at verifyPasswordResetOTP (file:///Volumes/Untitled/MonAppEcommerce/back-end/src/controllers/auth/passwordController.js:280:30)","timestamp":"2025-05-07 18:49:43"}
{"level":"error","message":"::1 - - [07/May/2025:17:49:43 +0000] \"POST /api/users/verify-password-otp HTTP/1.1\" 500 125 \"http://localhost:5173/\" \"Mozilla/5.0 (Macintosh; Intel Mac OS X 10_15_7) AppleWebKit/605.1.15 (KHTML, like Gecko) Version/16.0 Safari/605.1.15\"","timestamp":"2025-05-07 18:49:43"}
{"level":"info","message":"Clé PASETO chargée depuis le fichier","path":"/Volumes/Untitled/MonAppEcommerce/paseto_local_key","timestamp":"2025-05-07 18:50:15"}
{"level":"info","message":"Prisma Info Starting a postgresql pool with 21 connections.","target":"quaint::pooled","timestamp":"2025-05-07 18:50:15"}
{"level":"info","message":"Successfully connected to the database","timestamp":"2025-05-07 18:50:15"}
{"level":"info","message":"🚀 Serveur démarré sur http://localhost:4000","timestamp":"2025-05-07 18:50:15"}
{"ip":"::1","level":"info","message":"Requête entrante","method":"POST","timestamp":"2025-05-07 18:50:18","url":"/api/users/verify-password-otp","userAgent":"Mozilla/5.0 (Macintosh; Intel Mac OS X 10_15_7) AppleWebKit/605.1.15 (KHTML, like Gecko) Version/16.0 Safari/605.1.15"}
{"level":"info","message":"Token à usage unique généré avec succès","timestamp":"2025-05-07 18:50:18","userId":{"expiresIn":"15m","purpose":"password_reset","userId":"cmac8hgr10000198dlfw1qsjf"}}
{"level":"info","message":"Code OTP vérifié et marqué comme utilisé","otpId":"cmae8gg6l00011956x5z5mfoa","timestamp":"2025-05-07 18:50:18","type":"PASSWORD_RESET","userId":"cmac8hgr10000198dlfw1qsjf"}
{"email":"ayemanagossa@gmail.com","ip":"::1","level":"info","message":"Code OTP vérifié avec succès pour la réinitialisation de mot de passe","timestamp":"2025-05-07 18:50:18","userId":"cmac8hgr10000198dlfw1qsjf"}
{"ip":"::1","level":"info","message":"Requête entrante","method":"POST","timestamp":"2025-05-07 18:50:39","url":"/api/users/reset-password","userAgent":"Mozilla/5.0 (Macintosh; Intel Mac OS X 10_15_7) AppleWebKit/605.1.15 (KHTML, like Gecko) Version/16.0 Safari/605.1.15"}
{"level":"warn","message":"Format de token PASETO invalide","timestamp":"2025-05-07 18:50:39","tokenLength":432,"tokenPrefix":"v3.local.z"}
{"error":"Format de token PASETO invalide","level":"error","message":"Erreur lors de la vérification du token PASETO","stack":"Error: Format de token PASETO invalide\n    at verifyToken (file:///Volumes/Untitled/MonAppEcommerce/back-end/src/utils/paseto.js:221:13)\n    at file:///Volumes/Untitled/MonAppEcommerce/back-end/index.js:112:27\n    at Layer.handle [as handle_request] (/Volumes/Untitled/MonAppEcommerce/back-end/node_modules/express/lib/router/layer.js:95:5)\n    at trim_prefix (/Volumes/Untitled/MonAppEcommerce/back-end/node_modules/express/lib/router/index.js:328:13)\n    at /Volumes/Untitled/MonAppEcommerce/back-end/node_modules/express/lib/router/index.js:286:9\n    at Function.process_params (/Volumes/Untitled/MonAppEcommerce/back-end/node_modules/express/lib/router/index.js:346:12)\n    at next (/Volumes/Untitled/MonAppEcommerce/back-end/node_modules/express/lib/router/index.js:280:10)\n    at file:///Volumes/Untitled/MonAppEcommerce/back-end/index.js:93:3\n    at Layer.handle [as handle_request] (/Volumes/Untitled/MonAppEcommerce/back-end/node_modules/express/lib/router/layer.js:95:5)\n    at trim_prefix (/Volumes/Untitled/MonAppEcommerce/back-end/node_modules/express/lib/router/index.js:328:13)","timestamp":"2025-05-07 18:50:39","tokenLength":432,"tokenPrefix":"v3.local.z"}
{"error":"Token PASETO invalide ou expiré","ip":"::1","level":"warn","message":"Erreur d'authentification","timestamp":"2025-05-07 18:50:39"}
{"body":"{\"password\":\"Martine@2030\"}","hasConfirmPassword":false,"hasPassword":true,"hasToken":false,"ip":"::1","level":"info","message":"Tentative de réinitialisation de mot de passe","timestamp":"2025-05-07 18:50:39","tokenLength":0,"tokenValue":"absent"}
{"error":[{"context":{"key":"confirmPassword","label":"confirmPassword"},"message":"La confirmation du mot de passe est requise","path":["confirmPassword"],"type":"any.required"},{"context":{"key":"token","label":"token"},"message":"Le token est requis","path":["token"],"type":"any.required"}],"ip":"::1","level":"warn","message":"Tentative de réinitialisation avec des données invalides","timestamp":"2025-05-07 18:50:39"}
{"level":"error","message":"::1 - - [07/May/2025:17:50:39 +0000] \"POST /api/users/reset-password HTTP/1.1\" 400 127 \"http://localhost:5173/\" \"Mozilla/5.0 (Macintosh; Intel Mac OS X 10_15_7) AppleWebKit/605.1.15 (KHTML, like Gecko) Version/16.0 Safari/605.1.15\"","timestamp":"2025-05-07 18:50:39"}
{"ip":"::1","level":"info","message":"Requête entrante","method":"POST","timestamp":"2025-05-07 18:55:03","url":"/api/users/reset-password","userAgent":"Mozilla/5.0 (Macintosh; Intel Mac OS X 10_15_7) AppleWebKit/605.1.15 (KHTML, like Gecko) Version/16.0 Safari/605.1.15"}
{"level":"warn","message":"Format de token PASETO invalide","timestamp":"2025-05-07 18:55:03","tokenLength":432,"tokenPrefix":"v3.local.z"}
{"error":"Format de token PASETO invalide","level":"error","message":"Erreur lors de la vérification du token PASETO","stack":"Error: Format de token PASETO invalide\n    at verifyToken (file:///Volumes/Untitled/MonAppEcommerce/back-end/src/utils/paseto.js:221:13)\n    at file:///Volumes/Untitled/MonAppEcommerce/back-end/index.js:112:27\n    at Layer.handle [as handle_request] (/Volumes/Untitled/MonAppEcommerce/back-end/node_modules/express/lib/router/layer.js:95:5)\n    at trim_prefix (/Volumes/Untitled/MonAppEcommerce/back-end/node_modules/express/lib/router/index.js:328:13)\n    at /Volumes/Untitled/MonAppEcommerce/back-end/node_modules/express/lib/router/index.js:286:9\n    at Function.process_params (/Volumes/Untitled/MonAppEcommerce/back-end/node_modules/express/lib/router/index.js:346:12)\n    at next (/Volumes/Untitled/MonAppEcommerce/back-end/node_modules/express/lib/router/index.js:280:10)\n    at file:///Volumes/Untitled/MonAppEcommerce/back-end/index.js:93:3\n    at Layer.handle [as handle_request] (/Volumes/Untitled/MonAppEcommerce/back-end/node_modules/express/lib/router/layer.js:95:5)\n    at trim_prefix (/Volumes/Untitled/MonAppEcommerce/back-end/node_modules/express/lib/router/index.js:328:13)","timestamp":"2025-05-07 18:55:03","tokenLength":432,"tokenPrefix":"v3.local.z"}
{"error":"Token PASETO invalide ou expiré","ip":"::1","level":"warn","message":"Erreur d'authentification","timestamp":"2025-05-07 18:55:03"}
{"body":"{\"password\":\"Martine@2030\",\"confirmPassword\":\"Martine@2030\",\"token\":\"v3.local.zJUxhPPi8deabTnSoaZQw2fUbWJwTNOkT0je5csU6bGJXb0wlN8Y61Uf1DyAVn3xqVIrs0-872DONzYV-tCSugNP74aXAilhxCKXe8e52o69jX0Nj-iBmS0-VjFVRMNZeqN1uOt0i_TDw5tyqDP8_d_bGHU5F4h4XDqTOyxgqLUpZPZ0_kEVjwhvlL4MXo56rcQrs459HSCmp-ZQDyCn1nFuparjxRj9Sv1CyqKWUBQmCZKWL7J_nl9eGJBN-XwVl2nLlrzMbQxBuSYVNjRJXOA7m0YrUbfqR_OL5RdBVo8jYzZJ0jqqv-7YCJRR4pvQdAt4mmFNy_BhUkHPTjyLWlTJgqhfnYaTM6HNC1WpXvbV8URWRJKaXPiJlBpGUjjY_ux9xjqmIRmWVhHwbrshmfYT2ECN7a1eOZ4CJIc\"}","hasConfirmPassword":true,"hasPassword":true,"hasToken":true,"ip":"::1","level":"info","message":"Tentative de réinitialisation de mot de passe","timestamp":"2025-05-07 18:55:03","tokenLength":432,"tokenValue":"v3.local.zJUxhPPi8de..."}
{"ip":"::1","level":"info","message":"Requête entrante","method":"POST","timestamp":"2025-05-07 18:56:00","url":"/api/users/reset-password","userAgent":"Mozilla/5.0 (Macintosh; Intel Mac OS X 10_15_7) AppleWebKit/605.1.15 (KHTML, like Gecko) Version/16.0 Safari/605.1.15"}
{"level":"warn","message":"Format de token PASETO invalide","timestamp":"2025-05-07 18:56:00","tokenLength":432,"tokenPrefix":"v3.local.z"}
{"error":"Format de token PASETO invalide","level":"error","message":"Erreur lors de la vérification du token PASETO","stack":"Error: Format de token PASETO invalide\n    at verifyToken (file:///Volumes/Untitled/MonAppEcommerce/back-end/src/utils/paseto.js:221:13)\n    at file:///Volumes/Untitled/MonAppEcommerce/back-end/index.js:112:27\n    at Layer.handle [as handle_request] (/Volumes/Untitled/MonAppEcommerce/back-end/node_modules/express/lib/router/layer.js:95:5)\n    at trim_prefix (/Volumes/Untitled/MonAppEcommerce/back-end/node_modules/express/lib/router/index.js:328:13)\n    at /Volumes/Untitled/MonAppEcommerce/back-end/node_modules/express/lib/router/index.js:286:9\n    at Function.process_params (/Volumes/Untitled/MonAppEcommerce/back-end/node_modules/express/lib/router/index.js:346:12)\n    at next (/Volumes/Untitled/MonAppEcommerce/back-end/node_modules/express/lib/router/index.js:280:10)\n    at file:///Volumes/Untitled/MonAppEcommerce/back-end/index.js:93:3\n    at Layer.handle [as handle_request] (/Volumes/Untitled/MonAppEcommerce/back-end/node_modules/express/lib/router/layer.js:95:5)\n    at trim_prefix (/Volumes/Untitled/MonAppEcommerce/back-end/node_modules/express/lib/router/index.js:328:13)","timestamp":"2025-05-07 18:56:00","tokenLength":432,"tokenPrefix":"v3.local.z"}
{"error":"Token PASETO invalide ou expiré","ip":"::1","level":"warn","message":"Erreur d'authentification","timestamp":"2025-05-07 18:56:00"}
{"body":"{\"password\":\"Martine@2030\",\"confirmPassword\":\"Martine@2030\",\"token\":\"v3.local.zJUxhPPi8deabTnSoaZQw2fUbWJwTNOkT0je5csU6bGJXb0wlN8Y61Uf1DyAVn3xqVIrs0-872DONzYV-tCSugNP74aXAilhxCKXe8e52o69jX0Nj-iBmS0-VjFVRMNZeqN1uOt0i_TDw5tyqDP8_d_bGHU5F4h4XDqTOyxgqLUpZPZ0_kEVjwhvlL4MXo56rcQrs459HSCmp-ZQDyCn1nFuparjxRj9Sv1CyqKWUBQmCZKWL7J_nl9eGJBN-XwVl2nLlrzMbQxBuSYVNjRJXOA7m0YrUbfqR_OL5RdBVo8jYzZJ0jqqv-7YCJRR4pvQdAt4mmFNy_BhUkHPTjyLWlTJgqhfnYaTM6HNC1WpXvbV8URWRJKaXPiJlBpGUjjY_ux9xjqmIRmWVhHwbrshmfYT2ECN7a1eOZ4CJIc\"}","hasConfirmPassword":true,"hasPassword":true,"hasToken":true,"ip":"::1","level":"info","message":"Tentative de réinitialisation de mot de passe","timestamp":"2025-05-07 18:56:00","tokenLength":432,"tokenValue":"v3.local.zJUxhPPi8de..."}
{"level":"info","message":"Disconnected from the database due to application termination","timestamp":"2025-05-07 18:56:38"}
{"level":"info","message":"Clé PASETO chargée depuis le fichier","path":"/Volumes/Untitled/MonAppEcommerce/paseto_local_key","timestamp":"2025-05-07 18:56:42"}
{"level":"info","message":"Prisma Info Starting a postgresql pool with 21 connections.","target":"quaint::pooled","timestamp":"2025-05-07 18:56:42"}
{"level":"info","message":"Successfully connected to the database","timestamp":"2025-05-07 18:56:42"}
{"level":"info","message":"🚀 Serveur démarré sur http://localhost:4000","timestamp":"2025-05-07 18:56:42"}
{"ip":"::1","level":"info","message":"Requête entrante","method":"POST","timestamp":"2025-05-07 18:56:50","url":"/api/users/forgot-password","userAgent":"Mozilla/5.0 (Macintosh; Intel Mac OS X 10_15_7) AppleWebKit/605.1.15 (KHTML, like Gecko) Version/16.0 Safari/605.1.15"}
{"code":"100549","level":"info","message":"Code OTP généré pour PASSWORD_RESET","timestamp":"2025-05-07 18:56:50","type":"PASSWORD_RESET","userId":"cmac8hgr10000198dlfw1qsjf"}
{"level":"info","message":"Initialisation du processus d'envoi d'email","timestamp":"2025-05-07 18:56:50"}
{"level":"info","message":"Email envoyé avec succès","messageId":"<8be96aab-be43-af7b-6a4f-1ff7e9542214@gmail.com>","timestamp":"2025-05-07 18:56:53","to":"ayemanagossa@gmail.com"}
{"email":"ayemanagossa@gmail.com","ip":"::1","level":"info","message":"Demande de réinitialisation de mot de passe","timestamp":"2025-05-07 18:56:53","userId":"cmac8hgr10000198dlfw1qsjf"}
{"ip":"::1","level":"info","message":"Requête entrante","method":"POST","timestamp":"2025-05-07 18:57:10","url":"/api/users/verify-password-otp","userAgent":"Mozilla/5.0 (Macintosh; Intel Mac OS X 10_15_7) AppleWebKit/605.1.15 (KHTML, like Gecko) Version/16.0 Safari/605.1.15"}
{"level":"info","message":"Token à usage unique généré avec succès","timestamp":"2025-05-07 18:57:10","userId":{"expiresIn":"15m","purpose":"password_reset","userId":"cmac8hgr10000198dlfw1qsjf"}}
{"level":"info","message":"Code OTP vérifié et marqué comme utilisé","otpId":"cmae8q0n6000119qhmv1b8bqv","timestamp":"2025-05-07 18:57:10","type":"PASSWORD_RESET","userId":"cmac8hgr10000198dlfw1qsjf"}
{"email":"ayemanagossa@gmail.com","ip":"::1","level":"info","message":"Code OTP vérifié avec succès pour la réinitialisation de mot de passe","timestamp":"2025-05-07 18:57:10","userId":"cmac8hgr10000198dlfw1qsjf"}
{"ip":"::1","level":"info","message":"Requête entrante","method":"POST","timestamp":"2025-05-07 18:57:28","url":"/api/users/reset-password","userAgent":"Mozilla/5.0 (Macintosh; Intel Mac OS X 10_15_7) AppleWebKit/605.1.15 (KHTML, like Gecko) Version/16.0 Safari/605.1.15"}
{"level":"warn","message":"Format de token PASETO invalide","timestamp":"2025-05-07 18:57:28","tokenLength":596,"tokenPrefix":"azBwTllUb2"}
{"error":"Format de token PASETO invalide","level":"error","message":"Erreur lors de la vérification du token PASETO","stack":"Error: Format de token PASETO invalide\n    at verifyToken (file:///Volumes/Untitled/MonAppEcommerce/back-end/src/utils/paseto.js:221:13)\n    at file:///Volumes/Untitled/MonAppEcommerce/back-end/index.js:112:27\n    at Layer.handle [as handle_request] (/Volumes/Untitled/MonAppEcommerce/back-end/node_modules/express/lib/router/layer.js:95:5)\n    at trim_prefix (/Volumes/Untitled/MonAppEcommerce/back-end/node_modules/express/lib/router/index.js:328:13)\n    at /Volumes/Untitled/MonAppEcommerce/back-end/node_modules/express/lib/router/index.js:286:9\n    at Function.process_params (/Volumes/Untitled/MonAppEcommerce/back-end/node_modules/express/lib/router/index.js:346:12)\n    at next (/Volumes/Untitled/MonAppEcommerce/back-end/node_modules/express/lib/router/index.js:280:10)\n    at file:///Volumes/Untitled/MonAppEcommerce/back-end/index.js:93:3\n    at Layer.handle [as handle_request] (/Volumes/Untitled/MonAppEcommerce/back-end/node_modules/express/lib/router/layer.js:95:5)\n    at trim_prefix (/Volumes/Untitled/MonAppEcommerce/back-end/node_modules/express/lib/router/index.js:328:13)","timestamp":"2025-05-07 18:57:28","tokenLength":596,"tokenPrefix":"azBwTllUb2"}
{"error":"Token PASETO invalide ou expiré","ip":"::1","level":"warn","message":"Erreur d'authentification","timestamp":"2025-05-07 18:57:28"}
{"body":"{\"password\":\"Martine@2030\",\"confirmPassword\":\"Martine@2030\",\"token\":\"azBwTllUb2R1SDU2U1ZXT0ZTRWdZZlNvNzZYNmRiOHlPTUw2MEhEZEVaNnk3OUVxOW80MjNzTUJjTjY1TnFVbk9iLWkzejVnMkprUk4xR0FUTHl4RjYzbTlKaUp4NU5nZlFPaUJSY3ZfTDE2MHZOSzVONnloWDlMY3JUSXV5WGtOLW85Ull6RUFIaTRmVEU1aTZTTXBQdl9yQ3ZHcFFwTGRlSDB3UDZHZGRHSllwRGo4enZuUzc1VENvWGNtWmxzdUhpREd5UFE4ZmV5VC1mM1RRS0NVd3ZKcEMwRHIxWHRVaFNQWDBVMWF5T0h6d3NnQlpSbS1DUE11aUJST0pZVDJYbDQwRkNfTjh6UXg5a1J1bHYtTFNwR2otZzQtX2ZDM1RpdkpmbHhTZC0yc2htbWFfUGZDend2Slk5RXpSOUZ1NTduNnZWU0M5dlplZFpsYUU3N3dpN21sbmdzTTVnMUhnTS1neG5zck9keVNLalREcFFnLWJNS1BhQlNmel93emtGTmIyMkQzemZpa0I3UUlFLVRpaFhERFRxbnJxTThGbUlkdDFhLmxhY29sLjN2XzE3NDY2NDA2MzA4NjA=\"}","hasConfirmPassword":true,"hasPassword":true,"hasToken":true,"ip":"::1","level":"info","message":"Tentative de réinitialisation de mot de passe","timestamp":"2025-05-07 18:57:28","tokenLength":596,"tokenValue":"azBwTllUb2R1SDU2U1ZX..."}
{"level":"info","message":"Clé PASETO chargée depuis le fichier","path":"/Volumes/Untitled/MonAppEcommerce/paseto_local_key","timestamp":"2025-05-07 19:02:50"}
{"level":"info","message":"Prisma Info Starting a postgresql pool with 21 connections.","target":"quaint::pooled","timestamp":"2025-05-07 19:02:50"}
{"level":"info","message":"Successfully connected to the database","timestamp":"2025-05-07 19:02:51"}
{"level":"info","message":"🚀 Serveur démarré sur http://localhost:4000","timestamp":"2025-05-07 19:02:51"}
{"ip":"::1","level":"info","message":"Requête entrante","method":"POST","timestamp":"2025-05-07 19:02:56","url":"/api/users/reset-password","userAgent":"Mozilla/5.0 (Macintosh; Intel Mac OS X 10_15_7) AppleWebKit/605.1.15 (KHTML, like Gecko) Version/16.0 Safari/605.1.15"}
{"level":"warn","message":"Format de token PASETO invalide","timestamp":"2025-05-07 19:02:56","tokenLength":596,"tokenPrefix":"azBwTllUb2"}
{"error":"Format de token PASETO invalide","level":"error","message":"Erreur lors de la vérification du token PASETO","stack":"Error: Format de token PASETO invalide\n    at verifyToken (file:///Volumes/Untitled/MonAppEcommerce/back-end/src/utils/paseto.js:221:13)\n    at file:///Volumes/Untitled/MonAppEcommerce/back-end/index.js:112:27\n    at Layer.handle [as handle_request] (/Volumes/Untitled/MonAppEcommerce/back-end/node_modules/express/lib/router/layer.js:95:5)\n    at trim_prefix (/Volumes/Untitled/MonAppEcommerce/back-end/node_modules/express/lib/router/index.js:328:13)\n    at /Volumes/Untitled/MonAppEcommerce/back-end/node_modules/express/lib/router/index.js:286:9\n    at Function.process_params (/Volumes/Untitled/MonAppEcommerce/back-end/node_modules/express/lib/router/index.js:346:12)\n    at next (/Volumes/Untitled/MonAppEcommerce/back-end/node_modules/express/lib/router/index.js:280:10)\n    at file:///Volumes/Untitled/MonAppEcommerce/back-end/index.js:93:3\n    at Layer.handle [as handle_request] (/Volumes/Untitled/MonAppEcommerce/back-end/node_modules/express/lib/router/layer.js:95:5)\n    at trim_prefix (/Volumes/Untitled/MonAppEcommerce/back-end/node_modules/express/lib/router/index.js:328:13)","timestamp":"2025-05-07 19:02:56","tokenLength":596,"tokenPrefix":"azBwTllUb2"}
{"error":"Token PASETO invalide ou expiré","ip":"::1","level":"warn","message":"Erreur d'authentification","timestamp":"2025-05-07 19:02:56"}
{"hasConfirmPassword":true,"hasPassword":true,"hasToken":true,"ip":"::1","level":"info","message":"Tentative de réinitialisation de mot de passe","timestamp":"2025-05-07 19:02:56","tokenLength":596,"tokenValue":"azBwTllUb2R1SDU2U1ZX..."}
{"level":"warn","message":"Token décodé invalide fourni pour la réinitialisation","timestamp":"2025-05-07 19:02:56","tokenLength":446,"tokenPrefix":"k0pNYToduH"}
{"level":"error","message":"::1 - - [07/May/2025:18:02:56 +0000] \"POST /api/users/reset-password HTTP/1.1\" 400 96 \"http://localhost:5173/\" \"Mozilla/5.0 (Macintosh; Intel Mac OS X 10_15_7) AppleWebKit/605.1.15 (KHTML, like Gecko) Version/16.0 Safari/605.1.15\"","timestamp":"2025-05-07 19:02:56"}
{"ip":"::1","level":"info","message":"Requête entrante","method":"POST","timestamp":"2025-05-07 19:02:58","url":"/api/users/reset-password","userAgent":"Mozilla/5.0 (Macintosh; Intel Mac OS X 10_15_7) AppleWebKit/605.1.15 (KHTML, like Gecko) Version/16.0 Safari/605.1.15"}
{"level":"warn","message":"Format de token PASETO invalide","timestamp":"2025-05-07 19:02:58","tokenLength":596,"tokenPrefix":"azBwTllUb2"}
{"error":"Format de token PASETO invalide","level":"error","message":"Erreur lors de la vérification du token PASETO","stack":"Error: Format de token PASETO invalide\n    at verifyToken (file:///Volumes/Untitled/MonAppEcommerce/back-end/src/utils/paseto.js:221:13)\n    at file:///Volumes/Untitled/MonAppEcommerce/back-end/index.js:112:27\n    at Layer.handle [as handle_request] (/Volumes/Untitled/MonAppEcommerce/back-end/node_modules/express/lib/router/layer.js:95:5)\n    at trim_prefix (/Volumes/Untitled/MonAppEcommerce/back-end/node_modules/express/lib/router/index.js:328:13)\n    at /Volumes/Untitled/MonAppEcommerce/back-end/node_modules/express/lib/router/index.js:286:9\n    at Function.process_params (/Volumes/Untitled/MonAppEcommerce/back-end/node_modules/express/lib/router/index.js:346:12)\n    at next (/Volumes/Untitled/MonAppEcommerce/back-end/node_modules/express/lib/router/index.js:280:10)\n    at file:///Volumes/Untitled/MonAppEcommerce/back-end/index.js:93:3\n    at Layer.handle [as handle_request] (/Volumes/Untitled/MonAppEcommerce/back-end/node_modules/express/lib/router/layer.js:95:5)\n    at trim_prefix (/Volumes/Untitled/MonAppEcommerce/back-end/node_modules/express/lib/router/index.js:328:13)","timestamp":"2025-05-07 19:02:58","tokenLength":596,"tokenPrefix":"azBwTllUb2"}
{"error":"Token PASETO invalide ou expiré","ip":"::1","level":"warn","message":"Erreur d'authentification","timestamp":"2025-05-07 19:02:58"}
{"hasConfirmPassword":true,"hasPassword":true,"hasToken":true,"ip":"::1","level":"info","message":"Tentative de réinitialisation de mot de passe","timestamp":"2025-05-07 19:02:58","tokenLength":596,"tokenValue":"azBwTllUb2R1SDU2U1ZX..."}
{"level":"warn","message":"Token décodé invalide fourni pour la réinitialisation","timestamp":"2025-05-07 19:02:58","tokenLength":446,"tokenPrefix":"k0pNYToduH"}
{"level":"error","message":"::1 - - [07/May/2025:18:02:58 +0000] \"POST /api/users/reset-password HTTP/1.1\" 400 96 \"http://localhost:5173/\" \"Mozilla/5.0 (Macintosh; Intel Mac OS X 10_15_7) AppleWebKit/605.1.15 (KHTML, like Gecko) Version/16.0 Safari/605.1.15\"","timestamp":"2025-05-07 19:02:58"}
{"ip":"::1","level":"info","message":"Requête entrante","method":"POST","timestamp":"2025-05-07 19:06:31","url":"/api/users/reset-password","userAgent":"Mozilla/5.0 (Macintosh; Intel Mac OS X 10_15_7) AppleWebKit/605.1.15 (KHTML, like Gecko) Version/16.0 Safari/605.1.15"}
{"level":"warn","message":"Format de token PASETO invalide","timestamp":"2025-05-07 19:06:31","tokenLength":796,"tokenPrefix":"YXpCd1RsbF"}
{"error":"Format de token PASETO invalide","level":"error","message":"Erreur lors de la vérification du token PASETO","stack":"Error: Format de token PASETO invalide\n    at verifyToken (file:///Volumes/Untitled/MonAppEcommerce/back-end/src/utils/paseto.js:221:13)\n    at file:///Volumes/Untitled/MonAppEcommerce/back-end/index.js:112:27\n    at Layer.handle [as handle_request] (/Volumes/Untitled/MonAppEcommerce/back-end/node_modules/express/lib/router/layer.js:95:5)\n    at trim_prefix (/Volumes/Untitled/MonAppEcommerce/back-end/node_modules/express/lib/router/index.js:328:13)\n    at /Volumes/Untitled/MonAppEcommerce/back-end/node_modules/express/lib/router/index.js:286:9\n    at Function.process_params (/Volumes/Untitled/MonAppEcommerce/back-end/node_modules/express/lib/router/index.js:346:12)\n    at next (/Volumes/Untitled/MonAppEcommerce/back-end/node_modules/express/lib/router/index.js:280:10)\n    at file:///Volumes/Untitled/MonAppEcommerce/back-end/index.js:93:3\n    at Layer.handle [as handle_request] (/Volumes/Untitled/MonAppEcommerce/back-end/node_modules/express/lib/router/layer.js:95:5)\n    at trim_prefix (/Volumes/Untitled/MonAppEcommerce/back-end/node_modules/express/lib/router/index.js:328:13)","timestamp":"2025-05-07 19:06:31","tokenLength":796,"tokenPrefix":"YXpCd1RsbF"}
{"error":"Token PASETO invalide ou expiré","ip":"::1","level":"warn","message":"Erreur d'authentification","timestamp":"2025-05-07 19:06:31"}
{"hasConfirmPassword":true,"hasPassword":true,"hasToken":false,"ip":"::1","level":"info","message":"Tentative de réinitialisation de mot de passe","timestamp":"2025-05-07 19:06:31","tokenLength":0,"tokenValue":"absent"}
{"error":[{"context":{"key":"token","label":"token"},"message":"Le token est requis","path":["token"],"type":"any.required"}],"ip":"::1","level":"warn","message":"Tentative de réinitialisation avec des données invalides","timestamp":"2025-05-07 19:06:31"}
{"level":"error","message":"::1 - - [07/May/2025:18:06:31 +0000] \"POST /api/users/reset-password HTTP/1.1\" 400 81 \"http://localhost:5173/\" \"Mozilla/5.0 (Macintosh; Intel Mac OS X 10_15_7) AppleWebKit/605.1.15 (KHTML, like Gecko) Version/16.0 Safari/605.1.15\"","timestamp":"2025-05-07 19:06:31"}
{"ip":"::1","level":"info","message":"Requête entrante","method":"POST","timestamp":"2025-05-07 19:06:31","url":"/api/users/reset-password","userAgent":"Mozilla/5.0 (Macintosh; Intel Mac OS X 10_15_7) AppleWebKit/605.1.15 (KHTML, like Gecko) Version/16.0 Safari/605.1.15"}
{"level":"warn","message":"Format de token PASETO invalide","timestamp":"2025-05-07 19:06:31","tokenLength":796,"tokenPrefix":"YXpCd1RsbF"}
{"error":"Format de token PASETO invalide","level":"error","message":"Erreur lors de la vérification du token PASETO","stack":"Error: Format de token PASETO invalide\n    at verifyToken (file:///Volumes/Untitled/MonAppEcommerce/back-end/src/utils/paseto.js:221:13)\n    at file:///Volumes/Untitled/MonAppEcommerce/back-end/index.js:112:27\n    at Layer.handle [as handle_request] (/Volumes/Untitled/MonAppEcommerce/back-end/node_modules/express/lib/router/layer.js:95:5)\n    at trim_prefix (/Volumes/Untitled/MonAppEcommerce/back-end/node_modules/express/lib/router/index.js:328:13)\n    at /Volumes/Untitled/MonAppEcommerce/back-end/node_modules/express/lib/router/index.js:286:9\n    at Function.process_params (/Volumes/Untitled/MonAppEcommerce/back-end/node_modules/express/lib/router/index.js:346:12)\n    at next (/Volumes/Untitled/MonAppEcommerce/back-end/node_modules/express/lib/router/index.js:280:10)\n    at file:///Volumes/Untitled/MonAppEcommerce/back-end/index.js:93:3\n    at Layer.handle [as handle_request] (/Volumes/Untitled/MonAppEcommerce/back-end/node_modules/express/lib/router/layer.js:95:5)\n    at trim_prefix (/Volumes/Untitled/MonAppEcommerce/back-end/node_modules/express/lib/router/index.js:328:13)","timestamp":"2025-05-07 19:06:31","tokenLength":796,"tokenPrefix":"YXpCd1RsbF"}
{"error":"Token PASETO invalide ou expiré","ip":"::1","level":"warn","message":"Erreur d'authentification","timestamp":"2025-05-07 19:06:31"}
{"hasConfirmPassword":true,"hasPassword":true,"hasToken":false,"ip":"::1","level":"info","message":"Tentative de réinitialisation de mot de passe","timestamp":"2025-05-07 19:06:31","tokenLength":0,"tokenValue":"absent"}
{"error":[{"context":{"key":"token","label":"token"},"message":"Le token est requis","path":["token"],"type":"any.required"}],"ip":"::1","level":"warn","message":"Tentative de réinitialisation avec des données invalides","timestamp":"2025-05-07 19:06:31"}
{"level":"error","message":"::1 - - [07/May/2025:18:06:31 +0000] \"POST /api/users/reset-password HTTP/1.1\" 400 81 \"http://localhost:5173/\" \"Mozilla/5.0 (Macintosh; Intel Mac OS X 10_15_7) AppleWebKit/605.1.15 (KHTML, like Gecko) Version/16.0 Safari/605.1.15\"","timestamp":"2025-05-07 19:06:31"}
{"level":"info","message":"Clé PASETO chargée depuis le fichier","path":"/Volumes/Untitled/MonAppEcommerce/paseto_local_key","timestamp":"2025-05-07 23:41:09"}
{"level":"info","message":"Prisma Info Starting a postgresql pool with 21 connections.","target":"quaint::pooled","timestamp":"2025-05-07 23:41:09"}
{"level":"info","message":"Successfully connected to the database","timestamp":"2025-05-07 23:41:09"}
{"level":"info","message":"🚀 Serveur démarré sur http://localhost:4000","timestamp":"2025-05-07 23:41:09"}
{"level":"info","message":"Disconnected from the database due to application termination","timestamp":"2025-05-07 23:41:09"}
